
*** Running vivado
    with args -log system.vdi -applog -m64 -product Vivado -messageDb vivado.pb -mode batch -source system.tcl -notrace


****** Vivado v2020.1 (64-bit)
  **** SW Build 2902540 on Wed May 27 19:54:35 MDT 2020
  **** IP Build 2902112 on Wed May 27 22:43:36 MDT 2020
    ** Copyright 1986-2020 Xilinx, Inc. All Rights Reserved.

source system.tcl -notrace
Command: link_design -top system -part xc7a100tcsg324-1
Design is defaulting to srcset: sources_1
Design is defaulting to constrset: constrs_1
INFO: [Device 21-403] Loading part xc7a100tcsg324-1
Netlist sorting complete. Time (s): cpu = 00:00:00.05 ; elapsed = 00:00:00.05 . Memory (MB): peak = 2114.965 ; gain = 0.000 ; free physical = 1392 ; free virtual = 5482
INFO: [Netlist 29-17] Analyzing 854 Unisim elements for replacement
INFO: [Netlist 29-28] Unisim Transformation completed in 1 CPU seconds
INFO: [Project 1-479] Netlist was created with Vivado 2020.1
INFO: [Project 1-570] Preparing netlist for logic optimization
Parsing XDC File [/home/bran/Documentos/Lab digitales/laboratorio-3-b-b-corp/src/constraints/system.xdc]
Finished Parsing XDC File [/home/bran/Documentos/Lab digitales/laboratorio-3-b-b-corp/src/constraints/system.xdc]
INFO: [Opt 31-138] Pushed 0 inverter(s) to 0 load pin(s).
Netlist sorting complete. Time (s): cpu = 00:00:00 ; elapsed = 00:00:00 . Memory (MB): peak = 2138.883 ; gain = 0.000 ; free physical = 1291 ; free virtual = 5381
INFO: [Project 1-111] Unisim Transformation Summary:
  A total of 524 instances were transformed.
  RAM256X1S => RAM256X1S (MUXF7(x2), MUXF8, RAMS64E(x4)): 512 instances
  RAM32M => RAM32M (RAMD32(x6), RAMS32(x2)): 12 instances

7 Infos, 0 Warnings, 0 Critical Warnings and 0 Errors encountered.
link_design completed successfully
link_design: Time (s): cpu = 00:00:12 ; elapsed = 00:00:17 . Memory (MB): peak = 2138.883 ; gain = 24.012 ; free physical = 1291 ; free virtual = 5381
Command: opt_design
Attempting to get a license for feature 'Implementation' and/or device 'xc7a100t'
INFO: [Common 17-349] Got license for feature 'Implementation' and/or device 'xc7a100t'
Running DRC as a precondition to command opt_design

Starting DRC Task
INFO: [DRC 23-27] Running DRC with 4 threads
INFO: [Project 1-461] DRC finished with 0 Errors
INFO: [Project 1-462] Please refer to the DRC report (report_drc) for more information.

Time (s): cpu = 00:00:03 ; elapsed = 00:00:03 . Memory (MB): peak = 2170.898 ; gain = 32.016 ; free physical = 1284 ; free virtual = 5374

Starting Cache Timing Information Task
INFO: [Timing 38-35] Done setting XDC timing constraints.
Ending Cache Timing Information Task | Checksum: 121ac2002

Time (s): cpu = 00:00:16 ; elapsed = 00:00:19 . Memory (MB): peak = 2438.852 ; gain = 267.953 ; free physical = 1430 ; free virtual = 5483

Starting Logic Optimization Task

Phase 1 Retarget
INFO: [Opt 31-138] Pushed 0 inverter(s) to 0 load pin(s).
INFO: [Opt 31-49] Retargeted 0 cell(s).
Phase 1 Retarget | Checksum: 178847965

Time (s): cpu = 00:00:01 ; elapsed = 00:00:00.66 . Memory (MB): peak = 2601.820 ; gain = 0.000 ; free physical = 1267 ; free virtual = 5321
INFO: [Opt 31-389] Phase Retarget created 0 cells and removed 1 cells

Phase 2 Constant propagation
INFO: [Opt 31-138] Pushed 0 inverter(s) to 0 load pin(s).
Phase 2 Constant propagation | Checksum: 1017ecf87

Time (s): cpu = 00:00:01 ; elapsed = 00:00:00.75 . Memory (MB): peak = 2601.820 ; gain = 0.000 ; free physical = 1266 ; free virtual = 5321
INFO: [Opt 31-389] Phase Constant propagation created 0 cells and removed 0 cells

Phase 3 Sweep
Phase 3 Sweep | Checksum: 114a88a45

Time (s): cpu = 00:00:01 ; elapsed = 00:00:00.99 . Memory (MB): peak = 2601.820 ; gain = 0.000 ; free physical = 1273 ; free virtual = 5321
INFO: [Opt 31-389] Phase Sweep created 1 cells and removed 0 cells

Phase 4 BUFG optimization
Phase 4 BUFG optimization | Checksum: 114a88a45

Time (s): cpu = 00:00:02 ; elapsed = 00:00:01 . Memory (MB): peak = 2601.820 ; gain = 0.000 ; free physical = 1274 ; free virtual = 5323
INFO: [Opt 31-662] Phase BUFG optimization created 0 cells of which 0 are BUFGs and removed 0 cells.

Phase 5 Shift Register Optimization
INFO: [Opt 31-1064] SRL Remap converted 0 SRLs to 0 registers and converted 0 registers of register chains to 0 SRLs
Phase 5 Shift Register Optimization | Checksum: 114a88a45

Time (s): cpu = 00:00:02 ; elapsed = 00:00:02 . Memory (MB): peak = 2601.820 ; gain = 0.000 ; free physical = 1350 ; free virtual = 5399
INFO: [Opt 31-389] Phase Shift Register Optimization created 0 cells and removed 0 cells

Phase 6 Post Processing Netlist
Phase 6 Post Processing Netlist | Checksum: 11379977f

Time (s): cpu = 00:00:02 ; elapsed = 00:00:02 . Memory (MB): peak = 2601.820 ; gain = 0.000 ; free physical = 1352 ; free virtual = 5401
INFO: [Opt 31-389] Phase Post Processing Netlist created 0 cells and removed 0 cells
Opt_design Change Summary
=========================


-------------------------------------------------------------------------------------------------------------------------
|  Phase                        |  #Cells created  |  #Cells Removed  |  #Constrained objects preventing optimizations  |
-------------------------------------------------------------------------------------------------------------------------
|  Retarget                     |               0  |               1  |                                              0  |
|  Constant propagation         |               0  |               0  |                                              0  |
|  Sweep                        |               1  |               0  |                                              0  |
|  BUFG optimization            |               0  |               0  |                                              0  |
|  Shift Register Optimization  |               0  |               0  |                                              0  |
|  Post Processing Netlist      |               0  |               0  |                                              0  |
-------------------------------------------------------------------------------------------------------------------------



Starting Connectivity Check Task

Time (s): cpu = 00:00:00.02 ; elapsed = 00:00:00.03 . Memory (MB): peak = 2601.820 ; gain = 0.000 ; free physical = 1352 ; free virtual = 5401
Ending Logic Optimization Task | Checksum: 19d2af89a

Time (s): cpu = 00:00:02 ; elapsed = 00:00:02 . Memory (MB): peak = 2601.820 ; gain = 0.000 ; free physical = 1352 ; free virtual = 5401

Starting Power Optimization Task
INFO: [Pwropt 34-132] Skipping clock gating for clocks with a period < 2.00 ns.
Ending Power Optimization Task | Checksum: 19d2af89a

Time (s): cpu = 00:00:00.02 ; elapsed = 00:00:00.03 . Memory (MB): peak = 2601.820 ; gain = 0.000 ; free physical = 1352 ; free virtual = 5401

Starting Final Cleanup Task
Ending Final Cleanup Task | Checksum: 19d2af89a

Time (s): cpu = 00:00:00 ; elapsed = 00:00:00 . Memory (MB): peak = 2601.820 ; gain = 0.000 ; free physical = 1352 ; free virtual = 5401

Starting Netlist Obfuscation Task
Netlist sorting complete. Time (s): cpu = 00:00:00 ; elapsed = 00:00:00 . Memory (MB): peak = 2601.820 ; gain = 0.000 ; free physical = 1352 ; free virtual = 5401
Ending Netlist Obfuscation Task | Checksum: 19d2af89a

Time (s): cpu = 00:00:00 ; elapsed = 00:00:00 . Memory (MB): peak = 2601.820 ; gain = 0.000 ; free physical = 1352 ; free virtual = 5401
INFO: [Common 17-83] Releasing license: Implementation
24 Infos, 0 Warnings, 0 Critical Warnings and 0 Errors encountered.
opt_design completed successfully
opt_design: Time (s): cpu = 00:00:26 ; elapsed = 00:00:28 . Memory (MB): peak = 2601.820 ; gain = 462.938 ; free physical = 1352 ; free virtual = 5401
INFO: [Timing 38-480] Writing timing data to binary archive.
Writing placer database...
Writing XDEF routing.
Writing XDEF routing logical nets.
Writing XDEF routing special nets.
Write XDEF Complete: Time (s): cpu = 00:00:00.05 ; elapsed = 00:00:00.01 . Memory (MB): peak = 2641.840 ; gain = 0.000 ; free physical = 1350 ; free virtual = 5401
INFO: [Common 17-1381] The checkpoint '/home/bran/Documentos/Lab digitales/laboratorio-3-b-b-corp/Vivadoproject/Vivadoproject.runs/impl_1/system_opt.dcp' has been generated.
INFO: [runtcl-4] Executing : report_drc -file system_drc_opted.rpt -pb system_drc_opted.pb -rpx system_drc_opted.rpx
Command: report_drc -file system_drc_opted.rpt -pb system_drc_opted.pb -rpx system_drc_opted.rpx
INFO: [IP_Flow 19-234] Refreshing IP repositories
INFO: [IP_Flow 19-1704] No user IP repositories specified
INFO: [IP_Flow 19-2313] Loaded Vivado IP repository '/opt/Vivado/2020.1/data/ip'.
INFO: [DRC 23-27] Running DRC with 4 threads
INFO: [Coretcl 2-168] The results of DRC are in file /home/bran/Documentos/Lab digitales/laboratorio-3-b-b-corp/Vivadoproject/Vivadoproject.runs/impl_1/system_drc_opted.rpt.
report_drc completed successfully
Command: place_design
Attempting to get a license for feature 'Implementation' and/or device 'xc7a100t'
INFO: [Common 17-349] Got license for feature 'Implementation' and/or device 'xc7a100t'
INFO: [DRC 23-27] Running DRC with 4 threads
INFO: [Vivado_Tcl 4-198] DRC finished with 0 Errors
INFO: [Vivado_Tcl 4-199] Please refer to the DRC report (report_drc) for more information.
Running DRC as a precondition to command place_design
INFO: [DRC 23-27] Running DRC with 4 threads
INFO: [Vivado_Tcl 4-198] DRC finished with 0 Errors
INFO: [Vivado_Tcl 4-199] Please refer to the DRC report (report_drc) for more information.

Starting Placer Task
INFO: [Place 30-611] Multithreading enabled for place_design using a maximum of 4 CPUs

Phase 1 Placer Initialization

Phase 1.1 Placer Initialization Netlist Sorting
Netlist sorting complete. Time (s): cpu = 00:00:00 ; elapsed = 00:00:00.01 . Memory (MB): peak = 2689.863 ; gain = 0.000 ; free physical = 1339 ; free virtual = 5389
Phase 1.1 Placer Initialization Netlist Sorting | Checksum: 15ca3b7a1

Time (s): cpu = 00:00:00.02 ; elapsed = 00:00:00.02 . Memory (MB): peak = 2689.863 ; gain = 0.000 ; free physical = 1339 ; free virtual = 5389
Netlist sorting complete. Time (s): cpu = 00:00:00 ; elapsed = 00:00:00.01 . Memory (MB): peak = 2689.863 ; gain = 0.000 ; free physical = 1338 ; free virtual = 5388

Phase 1.2 IO Placement/ Clock Placement/ Build Placer Device
INFO: [Timing 38-35] Done setting XDC timing constraints.
Phase 1.2 IO Placement/ Clock Placement/ Build Placer Device | Checksum: 1395a45b6

Time (s): cpu = 00:00:02 ; elapsed = 00:00:01 . Memory (MB): peak = 2689.863 ; gain = 0.000 ; free physical = 1309 ; free virtual = 5361

Phase 1.3 Build Placer Netlist Model
Phase 1.3 Build Placer Netlist Model | Checksum: 13e7db8d3

Time (s): cpu = 00:00:09 ; elapsed = 00:00:06 . Memory (MB): peak = 2689.863 ; gain = 0.000 ; free physical = 1304 ; free virtual = 5358

Phase 1.4 Constrain Clocks/Macros
Phase 1.4 Constrain Clocks/Macros | Checksum: 13e7db8d3

Time (s): cpu = 00:00:09 ; elapsed = 00:00:06 . Memory (MB): peak = 2689.863 ; gain = 0.000 ; free physical = 1304 ; free virtual = 5358
Phase 1 Placer Initialization | Checksum: 13e7db8d3

Time (s): cpu = 00:00:09 ; elapsed = 00:00:06 . Memory (MB): peak = 2689.863 ; gain = 0.000 ; free physical = 1303 ; free virtual = 5357

Phase 2 Global Placement

Phase 2.1 Floorplanning
Phase 2.1 Floorplanning | Checksum: 1ffdce5f4

Time (s): cpu = 00:00:12 ; elapsed = 00:00:07 . Memory (MB): peak = 2689.863 ; gain = 0.000 ; free physical = 1295 ; free virtual = 5350

Phase 2.2 Global Placement Core

Phase 2.2.1 Physical Synthesis In Placer
INFO: [Physopt 32-1035] Found 86 LUTNM shape to break, 126 LUT instances to create LUTNM shape
INFO: [Physopt 32-1044] Break lutnm for timing: one critical 17, two critical 69, total 86, new lutff created 0
INFO: [Physopt 32-775] End 1 Pass. Optimized 138 nets or cells. Created 86 new cells, deleted 52 existing cells and moved 0 existing cell
INFO: [Physopt 32-1022] Very high fanout net 'picorv32_core/reg_op1_reg[9]_0[7]' has -through timing constraint at pin '' or its immediate connected net. To preserve -through timing constraint its fanout number considered in optimization is changed from 2562 to 515 and it is not considered a very high fanout net anymore. Please consider modifying/removing the '-through' timing constraint on the net segment or hierarchy pin.
INFO: [Physopt 32-1022] Very high fanout net 'picorv32_core/reg_op1_reg[9]_0[6]' has -through timing constraint at pin '' or its immediate connected net. To preserve -through timing constraint its fanout number considered in optimization is changed from 3074 to 515 and it is not considered a very high fanout net anymore. Please consider modifying/removing the '-through' timing constraint on the net segment or hierarchy pin.
INFO: [Physopt 32-1022] Very high fanout net 'picorv32_core/reg_op1_reg[9]_0[5]' has -through timing constraint at pin '' or its immediate connected net. To preserve -through timing constraint its fanout number considered in optimization is changed from 2050 to 515 and it is not considered a very high fanout net anymore. Please consider modifying/removing the '-through' timing constraint on the net segment or hierarchy pin.
INFO: [Physopt 32-1022] Very high fanout net 'picorv32_core/reg_op1_reg[9]_0[4]' has -through timing constraint at pin '' or its immediate connected net. To preserve -through timing constraint its fanout number considered in optimization is changed from 2050 to 515 and it is not considered a very high fanout net anymore. Please consider modifying/removing the '-through' timing constraint on the net segment or hierarchy pin.
INFO: [Physopt 32-1022] Very high fanout net 'picorv32_core/reg_op1_reg[9]_0[3]' has -through timing constraint at pin '' or its immediate connected net. To preserve -through timing constraint its fanout number considered in optimization is changed from 2050 to 515 and it is not considered a very high fanout net anymore. Please consider modifying/removing the '-through' timing constraint on the net segment or hierarchy pin.
INFO: [Physopt 32-1022] Very high fanout net 'picorv32_core/reg_op1_reg[9]_0[2]' has -through timing constraint at pin '' or its immediate connected net. To preserve -through timing constraint its fanout number considered in optimization is changed from 2050 to 515 and it is not considered a very high fanout net anymore. Please consider modifying/removing the '-through' timing constraint on the net segment or hierarchy pin.
INFO: [Physopt 32-65] No nets found for high-fanout optimization.
INFO: [Physopt 32-232] Optimized 0 net. Created 0 new instance.
INFO: [Physopt 32-775] End 1 Pass. Optimized 0 net or cell. Created 0 new cell, deleted 0 existing cell and moved 0 existing cell
INFO: [Physopt 32-456] No candidate cells for DSP register optimization found in the design.
INFO: [Physopt 32-775] End 2 Pass. Optimized 0 net or cell. Created 0 new cell, deleted 0 existing cell and moved 0 existing cell
INFO: [Physopt 32-1123] No candidate cells found for Shift Register to Pipeline optimization
INFO: [Physopt 32-775] End 1 Pass. Optimized 0 net or cell. Created 0 new cell, deleted 0 existing cell and moved 0 existing cell
INFO: [Physopt 32-677] No candidate cells for Shift Register optimization found in the design
INFO: [Physopt 32-775] End 1 Pass. Optimized 0 net or cell. Created 0 new cell, deleted 0 existing cell and moved 0 existing cell
INFO: [Physopt 32-526] No candidate cells for BRAM register optimization found in the design
INFO: [Physopt 32-775] End 1 Pass. Optimized 0 net or cell. Created 0 new cell, deleted 0 existing cell and moved 0 existing cell
INFO: [Physopt 32-846] No candidate cells for URAM register optimization found in the design
INFO: [Physopt 32-775] End 2 Pass. Optimized 0 net or cell. Created 0 new cell, deleted 0 existing cell and moved 0 existing cell
INFO: [Physopt 32-949] No candidate nets found for HD net replication
INFO: [Physopt 32-775] End 1 Pass. Optimized 0 net or cell. Created 0 new cell, deleted 0 existing cell and moved 0 existing cell
Netlist sorting complete. Time (s): cpu = 00:00:00.01 ; elapsed = 00:00:00 . Memory (MB): peak = 2689.863 ; gain = 0.000 ; free physical = 1279 ; free virtual = 5335

Summary of Physical Synthesis Optimizations
============================================


-----------------------------------------------------------------------------------------------------------------------------------------------------------
|  Optimization                                     |  Added Cells  |  Removed Cells  |  Optimized Cells/Nets  |  Dont Touch  |  Iterations  |  Elapsed   |
-----------------------------------------------------------------------------------------------------------------------------------------------------------
|  LUT Combining                                    |           86  |             52  |                   138  |           0  |           1  |  00:00:01  |
|  Very High Fanout                                 |            0  |              0  |                     0  |           0  |           1  |  00:00:00  |
|  DSP Register                                     |            0  |              0  |                     0  |           0  |           1  |  00:00:00  |
|  Shift Register to Pipeline                       |            0  |              0  |                     0  |           0  |           1  |  00:00:00  |
|  Shift Register                                   |            0  |              0  |                     0  |           0  |           1  |  00:00:00  |
|  BRAM Register                                    |            0  |              0  |                     0  |           0  |           1  |  00:00:00  |
|  URAM Register                                    |            0  |              0  |                     0  |           0  |           1  |  00:00:00  |
|  Dynamic/Static Region Interface Net Replication  |            0  |              0  |                     0  |           0  |           1  |  00:00:00  |
|  Total                                            |           86  |             52  |                   138  |           0  |           8  |  00:00:01  |
-----------------------------------------------------------------------------------------------------------------------------------------------------------


Phase 2.2.1 Physical Synthesis In Placer | Checksum: 1b7dfa694

Time (s): cpu = 00:00:34 ; elapsed = 00:00:21 . Memory (MB): peak = 2689.863 ; gain = 0.000 ; free physical = 1278 ; free virtual = 5334
Phase 2.2 Global Placement Core | Checksum: 1e8bbf528

Time (s): cpu = 00:00:36 ; elapsed = 00:00:21 . Memory (MB): peak = 2689.863 ; gain = 0.000 ; free physical = 1277 ; free virtual = 5333
Phase 2 Global Placement | Checksum: 1e8bbf528

Time (s): cpu = 00:00:36 ; elapsed = 00:00:21 . Memory (MB): peak = 2689.863 ; gain = 0.000 ; free physical = 1279 ; free virtual = 5335

Phase 3 Detail Placement

Phase 3.1 Commit Multi Column Macros
Phase 3.1 Commit Multi Column Macros | Checksum: 202554005

Time (s): cpu = 00:00:39 ; elapsed = 00:00:23 . Memory (MB): peak = 2689.863 ; gain = 0.000 ; free physical = 1279 ; free virtual = 5335

Phase 3.2 Commit Most Macros & LUTRAMs
Phase 3.2 Commit Most Macros & LUTRAMs | Checksum: 1ee394349

Time (s): cpu = 00:00:47 ; elapsed = 00:00:28 . Memory (MB): peak = 2689.863 ; gain = 0.000 ; free physical = 1274 ; free virtual = 5330

Phase 3.3 Area Swap Optimization
Phase 3.3 Area Swap Optimization | Checksum: 17f952d8f

Time (s): cpu = 00:00:48 ; elapsed = 00:00:28 . Memory (MB): peak = 2689.863 ; gain = 0.000 ; free physical = 1275 ; free virtual = 5331

Phase 3.4 Pipeline Register Optimization
Phase 3.4 Pipeline Register Optimization | Checksum: 171d6ac38

Time (s): cpu = 00:00:48 ; elapsed = 00:00:28 . Memory (MB): peak = 2689.863 ; gain = 0.000 ; free physical = 1275 ; free virtual = 5331

Phase 3.5 Fast Optimization
Phase 3.5 Fast Optimization | Checksum: 20627c65e

Time (s): cpu = 00:00:59 ; elapsed = 00:00:35 . Memory (MB): peak = 2689.863 ; gain = 0.000 ; free physical = 1274 ; free virtual = 5331

Phase 3.6 Small Shape Detail Placement
Phase 3.6 Small Shape Detail Placement | Checksum: 14ce3d8bd

Time (s): cpu = 00:01:03 ; elapsed = 00:00:39 . Memory (MB): peak = 2689.863 ; gain = 0.000 ; free physical = 1272 ; free virtual = 5328

Phase 3.7 Re-assign LUT pins
Phase 3.7 Re-assign LUT pins | Checksum: 148794c1f

Time (s): cpu = 00:01:03 ; elapsed = 00:00:40 . Memory (MB): peak = 2689.863 ; gain = 0.000 ; free physical = 1272 ; free virtual = 5328

Phase 3.8 Pipeline Register Optimization
Phase 3.8 Pipeline Register Optimization | Checksum: 11f823d58

Time (s): cpu = 00:01:03 ; elapsed = 00:00:40 . Memory (MB): peak = 2689.863 ; gain = 0.000 ; free physical = 1272 ; free virtual = 5328

Phase 3.9 Fast Optimization
Phase 3.9 Fast Optimization | Checksum: 1a1de2854

Time (s): cpu = 00:01:20 ; elapsed = 00:00:50 . Memory (MB): peak = 2689.863 ; gain = 0.000 ; free physical = 1270 ; free virtual = 5326
Phase 3 Detail Placement | Checksum: 1a1de2854

Time (s): cpu = 00:01:20 ; elapsed = 00:00:50 . Memory (MB): peak = 2689.863 ; gain = 0.000 ; free physical = 1270 ; free virtual = 5326

Phase 4 Post Placement Optimization and Clean-Up

Phase 4.1 Post Commit Optimization
INFO: [Timing 38-35] Done setting XDC timing constraints.

Phase 4.1.1 Post Placement Optimization
Post Placement Optimization Initialization | Checksum: 259ab615c

Phase 4.1.1.1 BUFG Insertion

Starting Physical Synthesis Task

Phase 1 Physical Synthesis Initialization
INFO: [Physopt 32-721] Multithreading enabled for phys_opt_design using a maximum of 4 CPUs
INFO: [Physopt 32-619] Estimated Timing Summary | WNS=-1.271 | TNS=-29.296 |
Phase 1 Physical Synthesis Initialization | Checksum: 1bbb13717

Time (s): cpu = 00:00:02 ; elapsed = 00:00:00.92 . Memory (MB): peak = 2689.863 ; gain = 0.000 ; free physical = 1272 ; free virtual = 5329
INFO: [Place 46-56] BUFG insertion identified 0 candidate nets. Inserted BUFG: 0, Replicated BUFG Driver: 0, Skipped due to Placement/Routing Conflicts: 0, Skipped due to Timing Degradation: 0, Skipped due to Illegal Netlist: 0.
Ending Physical Synthesis Task | Checksum: 20c13f05b

Time (s): cpu = 00:00:02 ; elapsed = 00:00:01 . Memory (MB): peak = 2689.863 ; gain = 0.000 ; free physical = 1272 ; free virtual = 5328
Phase 4.1.1.1 BUFG Insertion | Checksum: 259ab615c

Time (s): cpu = 00:01:30 ; elapsed = 00:00:56 . Memory (MB): peak = 2689.863 ; gain = 0.000 ; free physical = 1272 ; free virtual = 5328
INFO: [Place 30-746] Post Placement Timing Summary WNS=-0.244. For the most accurate timing information please run report_timing.
Phase 4.1.1 Post Placement Optimization | Checksum: 156c677ef

Time (s): cpu = 00:02:40 ; elapsed = 00:01:55 . Memory (MB): peak = 2689.863 ; gain = 0.000 ; free physical = 1269 ; free virtual = 5325
Phase 4.1 Post Commit Optimization | Checksum: 156c677ef

Time (s): cpu = 00:02:40 ; elapsed = 00:01:55 . Memory (MB): peak = 2689.863 ; gain = 0.000 ; free physical = 1269 ; free virtual = 5325

Phase 4.2 Post Placement Cleanup
Phase 4.2 Post Placement Cleanup | Checksum: 156c677ef

Time (s): cpu = 00:02:40 ; elapsed = 00:01:55 . Memory (MB): peak = 2689.863 ; gain = 0.000 ; free physical = 1270 ; free virtual = 5327

Phase 4.3 Placer Reporting
Phase 4.3 Placer Reporting | Checksum: 156c677ef

Time (s): cpu = 00:02:41 ; elapsed = 00:01:55 . Memory (MB): peak = 2689.863 ; gain = 0.000 ; free physical = 1270 ; free virtual = 5327

Phase 4.4 Final Placement Cleanup
Netlist sorting complete. Time (s): cpu = 00:00:00 ; elapsed = 00:00:00 . Memory (MB): peak = 2689.863 ; gain = 0.000 ; free physical = 1270 ; free virtual = 5327
Phase 4.4 Final Placement Cleanup | Checksum: 6b35c581

Time (s): cpu = 00:02:41 ; elapsed = 00:01:55 . Memory (MB): peak = 2689.863 ; gain = 0.000 ; free physical = 1270 ; free virtual = 5327
Phase 4 Post Placement Optimization and Clean-Up | Checksum: 6b35c581

Time (s): cpu = 00:02:41 ; elapsed = 00:01:56 . Memory (MB): peak = 2689.863 ; gain = 0.000 ; free physical = 1270 ; free virtual = 5327
Ending Placer Task | Checksum: 04302f68

Time (s): cpu = 00:02:41 ; elapsed = 00:01:56 . Memory (MB): peak = 2689.863 ; gain = 0.000 ; free physical = 1270 ; free virtual = 5327
INFO: [Common 17-83] Releasing license: Implementation
71 Infos, 0 Warnings, 0 Critical Warnings and 0 Errors encountered.
place_design completed successfully
place_design: Time (s): cpu = 00:02:44 ; elapsed = 00:01:58 . Memory (MB): peak = 2689.863 ; gain = 0.000 ; free physical = 1284 ; free virtual = 5341
INFO: [Timing 38-480] Writing timing data to binary archive.
Writing placer database...
Writing XDEF routing.
Writing XDEF routing logical nets.
Writing XDEF routing special nets.
Write XDEF Complete: Time (s): cpu = 00:00:03 ; elapsed = 00:00:01 . Memory (MB): peak = 2697.625 ; gain = 0.000 ; free physical = 1270 ; free virtual = 5336
INFO: [Common 17-1381] The checkpoint '/home/bran/Documentos/Lab digitales/laboratorio-3-b-b-corp/Vivadoproject/Vivadoproject.runs/impl_1/system_placed.dcp' has been generated.
INFO: [runtcl-4] Executing : report_io -file system_io_placed.rpt
report_io: Time (s): cpu = 00:00:00.23 ; elapsed = 00:00:00.29 . Memory (MB): peak = 2697.625 ; gain = 0.000 ; free physical = 1274 ; free virtual = 5333
INFO: [runtcl-4] Executing : report_utilization -file system_utilization_placed.rpt -pb system_utilization_placed.pb
INFO: [runtcl-4] Executing : report_control_sets -verbose -file system_control_sets_placed.rpt
report_control_sets: Time (s): cpu = 00:00:00.14 ; elapsed = 00:00:00.22 . Memory (MB): peak = 2697.625 ; gain = 0.000 ; free physical = 1282 ; free virtual = 5341
Command: phys_opt_design
Attempting to get a license for feature 'Implementation' and/or device 'xc7a100t'
INFO: [Common 17-349] Got license for feature 'Implementation' and/or device 'xc7a100t'
Netlist sorting complete. Time (s): cpu = 00:00:00.01 ; elapsed = 00:00:00.01 . Memory (MB): peak = 2697.625 ; gain = 0.000 ; free physical = 1251 ; free virtual = 5310

Starting Physical Synthesis Task

Phase 1 Physical Synthesis Initialization
INFO: [Physopt 32-721] Multithreading enabled for phys_opt_design using a maximum of 4 CPUs
INFO: [Physopt 32-619] Estimated Timing Summary | WNS=-0.244 | TNS=-1.855 |
Phase 1 Physical Synthesis Initialization | Checksum: fbf54e5f

Time (s): cpu = 00:00:11 ; elapsed = 00:00:05 . Memory (MB): peak = 2697.625 ; gain = 0.000 ; free physical = 1245 ; free virtual = 5304
INFO: [Physopt 32-619] Estimated Timing Summary | WNS=-0.244 | TNS=-1.855 |

Phase 2 DSP Register Optimization
INFO: [Physopt 32-456] No candidate cells for DSP register optimization found in the design.
INFO: [Physopt 32-775] End 2 Pass. Optimized 0 net or cell. Created 0 new cell, deleted 0 existing cell and moved 0 existing cell
Phase 2 DSP Register Optimization | Checksum: fbf54e5f

Time (s): cpu = 00:00:11 ; elapsed = 00:00:05 . Memory (MB): peak = 2697.625 ; gain = 0.000 ; free physical = 1244 ; free virtual = 5303

Phase 3 Critical Path Optimization
INFO: [Physopt 32-619] Estimated Timing Summary | WNS=-0.244 | TNS=-1.855 |
INFO: [Physopt 32-702] Processed net mem_rdata[25]. Optimizations did not improve timing on the net.
INFO: [Physopt 32-81] Processed net num0g[3]. Replicated 3 times.
INFO: [Physopt 32-735] Processed net num0g[3]. Optimization improves timing on the net.
INFO: [Physopt 32-619] Estimated Timing Summary | WNS=-0.238 | TNS=-1.771 |
INFO: [Physopt 32-81] Processed net num1g[6]. Replicated 1 times.
INFO: [Physopt 32-735] Processed net num1g[6]. Optimization improves timing on the net.
INFO: [Physopt 32-619] Estimated Timing Summary | WNS=-0.238 | TNS=-1.771 |
INFO: [Physopt 32-572] Net num1g[6] was not replicated.
Resolution: phys_opt_design can be forced to replicate a net driver using the option -force_replication_on_nets <list of net objects>.
INFO: [Physopt 32-662] Processed net num1g[6].  Did not re-place instance num1g_reg[6]
INFO: [Physopt 32-702] Processed net num1g[6]. Optimizations did not improve timing on the net.
INFO: [Physopt 32-702] Processed net arr_multiplier_32b_inst/mem_rdata[31]_i_23_0[54]. Optimizations did not improve timing on the net.
INFO: [Physopt 32-702] Processed net arr_multiplier_32b_inst/mem_rdata_reg[23]_i_3_n_0. Optimizations did not improve timing on the net.
INFO: [Physopt 32-702] Processed net arr_multiplier_32b_inst/mem_rdata_reg[19]_i_3_n_0. Optimizations did not improve timing on the net.
INFO: [Physopt 32-702] Processed net arr_multiplier_32b_inst/mem_rdata_reg[15]_i_3_n_0. Optimizations did not improve timing on the net.
INFO: [Physopt 32-702] Processed net arr_multiplier_32b_inst/mem_rdata_reg[11]_i_3_n_0. Optimizations did not improve timing on the net.
INFO: [Physopt 32-702] Processed net arr_multiplier_32b_inst/mem_rdata_reg[7]_i_3_n_0. Optimizations did not improve timing on the net.
INFO: [Physopt 32-702] Processed net arr_multiplier_32b_inst/mem_rdata_reg[3]_i_4_n_0. Optimizations did not improve timing on the net.
INFO: [Physopt 32-702] Processed net arr_multiplier_32b_inst/mem_rdata_reg[31]_i_2_n_0. Optimizations did not improve timing on the net.
INFO: [Physopt 32-702] Processed net arr_multiplier_32b_inst/mem_rdata_reg[27]_i_2_n_0. Optimizations did not improve timing on the net.
INFO: [Physopt 32-702] Processed net arr_multiplier_32b_inst/mem_rdata_reg[23]_i_2_n_0. Optimizations did not improve timing on the net.
INFO: [Physopt 32-735] Processed net arr_multiplier_32b_inst/mem_rdata[23]_i_9_n_0. Optimization improves timing on the net.
INFO: [Physopt 32-619] Estimated Timing Summary | WNS=-0.198 | TNS=-1.270 |
INFO: [Physopt 32-81] Processed net num0g[7]. Replicated 2 times.
INFO: [Physopt 32-735] Processed net num0g[7]. Optimization improves timing on the net.
INFO: [Physopt 32-619] Estimated Timing Summary | WNS=-0.183 | TNS=-1.129 |
INFO: [Physopt 32-702] Processed net arr_multiplier_32b_inst/mem_rdata[3]_i_25_n_0. Optimizations did not improve timing on the net.
INFO: [Physopt 32-662] Processed net arr_multiplier_32b_inst/mem_rdata[3]_i_21_n_0.  Did not re-place instance arr_multiplier_32b_inst/mem_rdata[3]_i_21
INFO: [Physopt 32-710] Processed net arr_multiplier_32b_inst/mem_rdata[3]_i_25_n_0. Critical path length was reduced through logic transformation on cell arr_multiplier_32b_inst/mem_rdata[3]_i_25_comp.
INFO: [Physopt 32-735] Processed net arr_multiplier_32b_inst/mem_rdata[3]_i_21_n_0. Optimization improves timing on the net.
INFO: [Physopt 32-619] Estimated Timing Summary | WNS=-0.171 | TNS=-1.033 |
INFO: [Physopt 32-81] Processed net num1g[9]. Replicated 2 times.
INFO: [Physopt 32-735] Processed net num1g[9]. Optimization improves timing on the net.
INFO: [Physopt 32-619] Estimated Timing Summary | WNS=-0.170 | TNS=-1.025 |
INFO: [Physopt 32-81] Processed net num1g[3]. Replicated 2 times.
INFO: [Physopt 32-735] Processed net num1g[3]. Optimization improves timing on the net.
INFO: [Physopt 32-619] Estimated Timing Summary | WNS=-0.159 | TNS=-0.937 |
INFO: [Physopt 32-663] Processed net num1g[27].  Re-placed instance num1g_reg[27]
INFO: [Physopt 32-735] Processed net num1g[27]. Optimization improves timing on the net.
INFO: [Physopt 32-619] Estimated Timing Summary | WNS=-0.157 | TNS=-0.921 |
INFO: [Physopt 32-81] Processed net num0g[8]. Replicated 2 times.
INFO: [Physopt 32-735] Processed net num0g[8]. Optimization improves timing on the net.
INFO: [Physopt 32-619] Estimated Timing Summary | WNS=-0.149 | TNS=-0.857 |
INFO: [Physopt 32-81] Processed net num0g[11]. Replicated 2 times.
INFO: [Physopt 32-735] Processed net num0g[11]. Optimization improves timing on the net.
INFO: [Physopt 32-619] Estimated Timing Summary | WNS=-0.147 | TNS=-0.841 |
INFO: [Physopt 32-572] Net num1g[3]_repN was not replicated.
Resolution: phys_opt_design can be forced to replicate a net driver using the option -force_replication_on_nets <list of net objects>.
INFO: [Physopt 32-663] Processed net num1g[3]_repN.  Re-placed instance num1g_reg[3]_replica
INFO: [Physopt 32-735] Processed net num1g[3]_repN. Optimization improves timing on the net.
INFO: [Physopt 32-619] Estimated Timing Summary | WNS=-0.145 | TNS=-0.825 |
INFO: [Physopt 32-81] Processed net num0g[10]. Replicated 2 times.
INFO: [Physopt 32-735] Processed net num0g[10]. Optimization improves timing on the net.
INFO: [Physopt 32-619] Estimated Timing Summary | WNS=-0.144 | TNS=-0.817 |
INFO: [Physopt 32-81] Processed net num1g[3]_repN. Replicated 1 times.
INFO: [Physopt 32-735] Processed net num1g[3]_repN. Optimization improves timing on the net.
INFO: [Physopt 32-619] Estimated Timing Summary | WNS=-0.142 | TNS=-0.801 |
INFO: [Physopt 32-81] Processed net num1g[18]. Replicated 3 times.
INFO: [Physopt 32-735] Processed net num1g[18]. Optimization improves timing on the net.
INFO: [Physopt 32-619] Estimated Timing Summary | WNS=-0.141 | TNS=-0.793 |
INFO: [Physopt 32-572] Net num1g[3]_repN_2 was not replicated.
Resolution: phys_opt_design can be forced to replicate a net driver using the option -force_replication_on_nets <list of net objects>.
INFO: [Physopt 32-663] Processed net num1g[3]_repN_2.  Re-placed instance num1g_reg[3]_replica_2
INFO: [Physopt 32-735] Processed net num1g[3]_repN_2. Optimization improves timing on the net.
INFO: [Physopt 32-619] Estimated Timing Summary | WNS=-0.138 | TNS=-0.769 |
INFO: [Physopt 32-572] Net num1g[3]_repN_2 was not replicated.
Resolution: phys_opt_design can be forced to replicate a net driver using the option -force_replication_on_nets <list of net objects>.
INFO: [Physopt 32-662] Processed net num1g[3]_repN_2.  Did not re-place instance num1g_reg[3]_replica_2
INFO: [Physopt 32-572] Net num1g[3]_repN_2 was not replicated.
Resolution: phys_opt_design can be forced to replicate a net driver using the option -force_replication_on_nets <list of net objects>.
INFO: [Physopt 32-702] Processed net num1g[3]_repN_2. Optimizations did not improve timing on the net.
INFO: [Physopt 32-702] Processed net arr_multiplier_32b_inst/mem_rdata_reg[19]_i_2_n_0. Optimizations did not improve timing on the net.
INFO: [Physopt 32-735] Processed net arr_multiplier_32b_inst/mem_rdata[19]_i_10_n_0. Optimization improves timing on the net.
INFO: [Physopt 32-619] Estimated Timing Summary | WNS=-0.137 | TNS=-0.761 |
INFO: [Physopt 32-81] Processed net num1g[18]. Replicated 2 times.
INFO: [Physopt 32-735] Processed net num1g[18]. Optimization improves timing on the net.
INFO: [Physopt 32-619] Estimated Timing Summary | WNS=-0.134 | TNS=-0.737 |
INFO: [Physopt 32-81] Processed net num1g[15]. Replicated 2 times.
INFO: [Physopt 32-735] Processed net num1g[15]. Optimization improves timing on the net.
INFO: [Physopt 32-619] Estimated Timing Summary | WNS=-0.132 | TNS=-0.721 |
INFO: [Physopt 32-702] Processed net arr_multiplier_32b_inst/mem_rdata[3]_i_26_n_0. Optimizations did not improve timing on the net.
INFO: [Physopt 32-662] Processed net arr_multiplier_32b_inst/mem_rdata[3]_i_22_n_0.  Did not re-place instance arr_multiplier_32b_inst/mem_rdata[3]_i_22
INFO: [Physopt 32-572] Net arr_multiplier_32b_inst/mem_rdata[3]_i_22_n_0 was not replicated.
Resolution: phys_opt_design can be forced to replicate a net driver using the option -force_replication_on_nets <list of net objects>.
INFO: [Physopt 32-702] Processed net arr_multiplier_32b_inst/mem_rdata[3]_i_22_n_0. Optimizations did not improve timing on the net.
INFO: [Physopt 32-662] Processed net arr_multiplier_32b_inst/mem_rdata[3]_i_32_n_0.  Did not re-place instance arr_multiplier_32b_inst/mem_rdata[3]_i_32
INFO: [Physopt 32-134] Processed net arr_multiplier_32b_inst/mem_rdata[3]_i_32_n_0. Rewiring did not optimize the net.
INFO: [Physopt 32-572] Net arr_multiplier_32b_inst/mem_rdata[3]_i_32_n_0 was not replicated.
Resolution: phys_opt_design can be forced to replicate a net driver using the option -force_replication_on_nets <list of net objects>.
INFO: [Physopt 32-702] Processed net arr_multiplier_32b_inst/mem_rdata[3]_i_32_n_0. Optimizations did not improve timing on the net.
INFO: [Physopt 32-702] Processed net arr_multiplier_32b_inst/mem_rdata_reg[7]_i_30_n_6. Optimizations did not improve timing on the net.
INFO: [Physopt 32-702] Processed net arr_multiplier_32b_inst/mem_rdata_reg[31]_i_31_n_0. Optimizations did not improve timing on the net.
INFO: [Physopt 32-662] Processed net arr_multiplier_32b_inst/mem_rdata[31]_i_76_n_0.  Did not re-place instance arr_multiplier_32b_inst/mem_rdata[31]_i_76
INFO: [Physopt 32-735] Processed net arr_multiplier_32b_inst/mem_rdata[31]_i_76_n_0. Optimization improves timing on the net.
INFO: [Physopt 32-619] Estimated Timing Summary | WNS=-0.131 | TNS=-0.713 |
INFO: [Physopt 32-702] Processed net mem_rdata[25]. Optimizations did not improve timing on the net.
INFO: [Physopt 32-662] Processed net num1g[18].  Did not re-place instance num1g_reg[18]
INFO: [Physopt 32-702] Processed net num1g[18]. Optimizations did not improve timing on the net.
INFO: [Physopt 32-702] Processed net arr_multiplier_32b_inst/mem_rdata[31]_i_23_0[54]. Optimizations did not improve timing on the net.
INFO: [Physopt 32-735] Processed net arr_multiplier_32b_inst/mem_rdata[11]_i_17_n_0. Optimization improves timing on the net.
INFO: [Physopt 32-619] Estimated Timing Summary | WNS=-0.130 | TNS=-0.705 |
INFO: [Physopt 32-662] Processed net num0g[7]_repN.  Did not re-place instance num0g_reg[7]_replica
INFO: [Physopt 32-702] Processed net num0g[7]_repN. Optimizations did not improve timing on the net.
INFO: [Physopt 32-702] Processed net arr_multiplier_32b_inst/mem_rdata[7]_i_19_n_0. Optimizations did not improve timing on the net.
INFO: [Physopt 32-663] Processed net arr_multiplier_32b_inst/mem_rdata[7]_i_24_n_0.  Re-placed instance arr_multiplier_32b_inst/mem_rdata[7]_i_24
INFO: [Physopt 32-735] Processed net arr_multiplier_32b_inst/mem_rdata[7]_i_24_n_0. Optimization improves timing on the net.
INFO: [Physopt 32-619] Estimated Timing Summary | WNS=-0.129 | TNS=-0.697 |
INFO: [Physopt 32-735] Processed net arr_multiplier_32b_inst/mem_rdata[7]_i_17_n_0. Optimization improves timing on the net.
INFO: [Physopt 32-619] Estimated Timing Summary | WNS=-0.125 | TNS=-0.665 |
INFO: [Physopt 32-662] Processed net num1g[6].  Did not re-place instance num1g_reg[6]
INFO: [Physopt 32-702] Processed net num1g[6]. Optimizations did not improve timing on the net.
INFO: [Physopt 32-702] Processed net arr_multiplier_32b_inst/mem_rdata[23]_i_9_n_0. Optimizations did not improve timing on the net.
INFO: [Physopt 32-662] Processed net arr_multiplier_32b_inst/mem_rdata[23]_i_5_n_0.  Did not re-place instance arr_multiplier_32b_inst/mem_rdata[23]_i_5
INFO: [Physopt 32-702] Processed net arr_multiplier_32b_inst/mem_rdata[23]_i_5_n_0. Optimizations did not improve timing on the net.
INFO: [Physopt 32-662] Processed net arr_multiplier_32b_inst/mem_rdata[23]_i_23_n_0.  Did not re-place instance arr_multiplier_32b_inst/mem_rdata[23]_i_23
INFO: [Physopt 32-702] Processed net arr_multiplier_32b_inst/mem_rdata[23]_i_23_n_0. Optimizations did not improve timing on the net.
INFO: [Physopt 32-702] Processed net arr_multiplier_32b_inst/mem_rdata_reg[27]_i_31_n_4. Optimizations did not improve timing on the net.
INFO: [Physopt 32-663] Processed net arr_multiplier_32b_inst/mem_rdata[23]_i_54_n_0.  Re-placed instance arr_multiplier_32b_inst/mem_rdata[23]_i_54
INFO: [Physopt 32-735] Processed net arr_multiplier_32b_inst/mem_rdata[23]_i_54_n_0. Optimization improves timing on the net.
INFO: [Physopt 32-619] Estimated Timing Summary | WNS=-0.122 | TNS=-0.642 |
INFO: [Physopt 32-662] Processed net num1g[9]_repN_1.  Did not re-place instance num1g_reg[9]_replica_1
INFO: [Physopt 32-702] Processed net num1g[9]_repN_1. Optimizations did not improve timing on the net.
INFO: [Physopt 32-662] Processed net arr_multiplier_32b_inst/mem_rdata[31]_i_10_n_0.  Did not re-place instance arr_multiplier_32b_inst/mem_rdata[31]_i_10
INFO: [Physopt 32-702] Processed net arr_multiplier_32b_inst/mem_rdata[31]_i_10_n_0. Optimizations did not improve timing on the net.
INFO: [Physopt 32-662] Processed net arr_multiplier_32b_inst/mem_rdata[31]_i_37_n_0.  Did not re-place instance arr_multiplier_32b_inst/mem_rdata[31]_i_37
INFO: [Physopt 32-702] Processed net arr_multiplier_32b_inst/mem_rdata[31]_i_37_n_0. Optimizations did not improve timing on the net.
INFO: [Physopt 32-702] Processed net arr_multiplier_32b_inst/mem_rdata_reg[31]_i_31_n_7. Optimizations did not improve timing on the net.
INFO: [Physopt 32-662] Processed net arr_multiplier_32b_inst/mem_rdata[31]_i_108_n_0.  Did not re-place instance arr_multiplier_32b_inst/mem_rdata[31]_i_108
INFO: [Physopt 32-702] Processed net arr_multiplier_32b_inst/mem_rdata[31]_i_108_n_0. Optimizations did not improve timing on the net.
INFO: [Physopt 32-702] Processed net arr_multiplier_32b_inst/mem_rdata_reg[31]_i_156_n_5. Optimizations did not improve timing on the net.
INFO: [Physopt 32-702] Processed net arr_multiplier_32b_inst/mem_rdata[27]_i_149_n_0. Optimizations did not improve timing on the net.
INFO: [Physopt 32-663] Processed net arr_multiplier_32b_inst/p_0_in7_in[19].  Re-placed instance arr_multiplier_32b_inst/mem_rdata[27]_i_197
INFO: [Physopt 32-735] Processed net arr_multiplier_32b_inst/p_0_in7_in[19]. Optimization improves timing on the net.
INFO: [Physopt 32-619] Estimated Timing Summary | WNS=-0.120 | TNS=-0.628 |
INFO: [Physopt 32-702] Processed net arr_multiplier_32b_inst/mem_rdata[7]_i_20_n_0. Optimizations did not improve timing on the net.
INFO: [Physopt 32-662] Processed net arr_multiplier_32b_inst/mem_rdata[7]_i_16_n_0.  Did not re-place instance arr_multiplier_32b_inst/mem_rdata[7]_i_16
INFO: [Physopt 32-702] Processed net arr_multiplier_32b_inst/mem_rdata[7]_i_16_n_0. Optimizations did not improve timing on the net.
INFO: [Physopt 32-662] Processed net arr_multiplier_32b_inst/mem_rdata[7]_i_29_n_0.  Did not re-place instance arr_multiplier_32b_inst/mem_rdata[7]_i_29
INFO: [Physopt 32-702] Processed net arr_multiplier_32b_inst/mem_rdata[7]_i_29_n_0. Optimizations did not improve timing on the net.
INFO: [Physopt 32-702] Processed net arr_multiplier_32b_inst/mem_rdata_reg[7]_i_27_n_4. Optimizations did not improve timing on the net.
INFO: [Physopt 32-662] Processed net arr_multiplier_32b_inst/mem_rdata[31]_i_68_n_0.  Did not re-place instance arr_multiplier_32b_inst/mem_rdata[31]_i_68
INFO: [Physopt 32-702] Processed net arr_multiplier_32b_inst/mem_rdata[31]_i_68_n_0. Optimizations did not improve timing on the net.
INFO: [Physopt 32-702] Processed net arr_multiplier_32b_inst/mem_rdata_reg[31]_i_136_n_7. Optimizations did not improve timing on the net.
INFO: [Physopt 32-702] Processed net arr_multiplier_32b_inst/mem_rdata[31]_i_349_n_0. Optimizations did not improve timing on the net.
INFO: [Physopt 32-663] Processed net arr_multiplier_32b_inst/mem_rdata[31]_i_345_n_0.  Re-placed instance arr_multiplier_32b_inst/mem_rdata[31]_i_345
INFO: [Physopt 32-735] Processed net arr_multiplier_32b_inst/mem_rdata[31]_i_345_n_0. Optimization improves timing on the net.
INFO: [Physopt 32-619] Estimated Timing Summary | WNS=-0.119 | TNS=-0.621 |
INFO: [Physopt 32-702] Processed net arr_multiplier_32b_inst/mem_rdata_reg[31]_i_155_n_6. Optimizations did not improve timing on the net.
INFO: [Physopt 32-702] Processed net arr_multiplier_32b_inst/mem_rdata[27]_i_143_n_0. Optimizations did not improve timing on the net.
INFO: [Physopt 32-663] Processed net arr_multiplier_32b_inst/mem_rdata[27]_i_139_n_0.  Re-placed instance arr_multiplier_32b_inst/mem_rdata[27]_i_139
INFO: [Physopt 32-735] Processed net arr_multiplier_32b_inst/mem_rdata[27]_i_139_n_0. Optimization improves timing on the net.
INFO: [Physopt 32-619] Estimated Timing Summary | WNS=-0.110 | TNS=-0.542 |
INFO: [Physopt 32-702] Processed net mem_rdata[4]. Optimizations did not improve timing on the net.
INFO: [Physopt 32-662] Processed net picorv32_core/latched_store_reg_n_0.  Did not re-place instance picorv32_core/latched_store_reg
INFO: [Physopt 32-702] Processed net picorv32_core/latched_store_reg_n_0. Optimizations did not improve timing on the net.
INFO: [Physopt 32-702] Processed net picorv32_core/mem_rdata0[4]. Optimizations did not improve timing on the net.
INFO: [Physopt 32-702] Processed net picorv32_core/mem_rdata_reg[4]_i_6_n_0. Optimizations did not improve timing on the net.
INFO: [Physopt 32-735] Processed net picorv32_core/mem_rdata[4]_i_18_n_0. Optimization improves timing on the net.
INFO: [Physopt 32-619] Estimated Timing Summary | WNS=-0.106 | TNS=-0.432 |
INFO: [Physopt 32-702] Processed net arr_multiplier_32b_inst/mem_rdata[15]_i_20_n_0. Optimizations did not improve timing on the net.
INFO: [Physopt 32-662] Processed net arr_multiplier_32b_inst/mem_rdata[15]_i_16_n_0.  Did not re-place instance arr_multiplier_32b_inst/mem_rdata[15]_i_16
INFO: [Physopt 32-702] Processed net arr_multiplier_32b_inst/mem_rdata[15]_i_16_n_0. Optimizations did not improve timing on the net.
INFO: [Physopt 32-663] Processed net arr_multiplier_32b_inst/mem_rdata[15]_i_31_n_0.  Re-placed instance arr_multiplier_32b_inst/mem_rdata[15]_i_31
INFO: [Physopt 32-735] Processed net arr_multiplier_32b_inst/mem_rdata[15]_i_31_n_0. Optimization improves timing on the net.
INFO: [Physopt 32-619] Estimated Timing Summary | WNS=-0.105 | TNS=-0.427 |
INFO: [Physopt 32-662] Processed net num0g[3]_repN.  Did not re-place instance num0g_reg[3]_replica
INFO: [Physopt 32-702] Processed net num0g[3]_repN. Optimizations did not improve timing on the net.
INFO: [Physopt 32-735] Processed net arr_multiplier_32b_inst/mem_rdata[27]_i_9_n_0. Optimization improves timing on the net.
INFO: [Physopt 32-619] Estimated Timing Summary | WNS=-0.103 | TNS=-0.417 |
INFO: [Physopt 32-663] Processed net num0g[1].  Re-placed instance num0g_reg[1]
INFO: [Physopt 32-735] Processed net num0g[1]. Optimization improves timing on the net.
INFO: [Physopt 32-619] Estimated Timing Summary | WNS=-0.097 | TNS=-0.393 |
INFO: [Physopt 32-702] Processed net arr_multiplier_32b_inst/mem_rdata[27]_i_9_n_0. Optimizations did not improve timing on the net.
INFO: [Physopt 32-662] Processed net arr_multiplier_32b_inst/mem_rdata[27]_i_5_n_0.  Did not re-place instance arr_multiplier_32b_inst/mem_rdata[27]_i_5
INFO: [Physopt 32-702] Processed net arr_multiplier_32b_inst/mem_rdata[27]_i_5_n_0. Optimizations did not improve timing on the net.
INFO: [Physopt 32-662] Processed net arr_multiplier_32b_inst/mem_rdata[27]_i_23_n_0.  Did not re-place instance arr_multiplier_32b_inst/mem_rdata[27]_i_23
INFO: [Physopt 32-735] Processed net arr_multiplier_32b_inst/mem_rdata[27]_i_23_n_0. Optimization improves timing on the net.
INFO: [Physopt 32-619] Estimated Timing Summary | WNS=-0.095 | TNS=-0.385 |
INFO: [Physopt 32-702] Processed net arr_multiplier_32b_inst/mem_rdata[15]_i_19_n_0. Optimizations did not improve timing on the net.
INFO: [Physopt 32-663] Processed net arr_multiplier_32b_inst/mem_rdata[15]_i_33_n_0.  Re-placed instance arr_multiplier_32b_inst/mem_rdata[15]_i_33
INFO: [Physopt 32-735] Processed net arr_multiplier_32b_inst/mem_rdata[15]_i_33_n_0. Optimization improves timing on the net.
INFO: [Physopt 32-619] Estimated Timing Summary | WNS=-0.091 | TNS=-0.369 |
INFO: [Physopt 32-663] Processed net num0g[13].  Re-placed instance num0g_reg[13]
INFO: [Physopt 32-735] Processed net num0g[13]. Optimization improves timing on the net.
INFO: [Physopt 32-619] Estimated Timing Summary | WNS=-0.090 | TNS=-0.365 |
INFO: [Physopt 32-662] Processed net num0g[12].  Did not re-place instance num0g_reg[12]
INFO: [Physopt 32-702] Processed net num0g[12]. Optimizations did not improve timing on the net.
INFO: [Physopt 32-735] Processed net arr_multiplier_32b_inst/mem_rdata[31]_i_268_n_0. Optimization improves timing on the net.
INFO: [Physopt 32-619] Estimated Timing Summary | WNS=-0.088 | TNS=-0.357 |
INFO: [Physopt 32-662] Processed net num0g[4].  Did not re-place instance num0g_reg[4]
INFO: [Physopt 32-702] Processed net num0g[4]. Optimizations did not improve timing on the net.
INFO: [Physopt 32-662] Processed net arr_multiplier_32b_inst/mem_rdata[23]_i_55_n_0.  Did not re-place instance arr_multiplier_32b_inst/mem_rdata[23]_i_55
INFO: [Physopt 32-735] Processed net arr_multiplier_32b_inst/mem_rdata[23]_i_55_n_0. Optimization improves timing on the net.
INFO: [Physopt 32-619] Estimated Timing Summary | WNS=-0.087 | TNS=-0.353 |
INFO: [Physopt 32-702] Processed net arr_multiplier_32b_inst/mem_rdata[11]_i_20_n_0. Optimizations did not improve timing on the net.
INFO: [Physopt 32-662] Processed net arr_multiplier_32b_inst/mem_rdata[11]_i_16_n_0.  Did not re-place instance arr_multiplier_32b_inst/mem_rdata[11]_i_16
INFO: [Physopt 32-702] Processed net arr_multiplier_32b_inst/mem_rdata[11]_i_16_n_0. Optimizations did not improve timing on the net.
INFO: [Physopt 32-663] Processed net arr_multiplier_32b_inst/mem_rdata[11]_i_33_n_0.  Re-placed instance arr_multiplier_32b_inst/mem_rdata[11]_i_33
INFO: [Physopt 32-735] Processed net arr_multiplier_32b_inst/mem_rdata[11]_i_33_n_0. Optimization improves timing on the net.
INFO: [Physopt 32-619] Estimated Timing Summary | WNS=-0.084 | TNS=-0.341 |
INFO: [Physopt 32-662] Processed net arr_multiplier_32b_inst/mem_rdata[31]_i_92_n_0.  Did not re-place instance arr_multiplier_32b_inst/mem_rdata[31]_i_92
INFO: [Physopt 32-702] Processed net arr_multiplier_32b_inst/mem_rdata[31]_i_92_n_0. Optimizations did not improve timing on the net.
INFO: [Physopt 32-702] Processed net arr_multiplier_32b_inst/mem_rdata_reg[31]_i_148_n_6. Optimizations did not improve timing on the net.
INFO: [Physopt 32-702] Processed net arr_multiplier_32b_inst/mem_rdata[27]_i_128_n_0. Optimizations did not improve timing on the net.
INFO: [Physopt 32-663] Processed net arr_multiplier_32b_inst/mem_rdata[27]_i_124_n_0.  Re-placed instance arr_multiplier_32b_inst/mem_rdata[27]_i_124
INFO: [Physopt 32-735] Processed net arr_multiplier_32b_inst/mem_rdata[27]_i_124_n_0. Optimization improves timing on the net.
INFO: [Physopt 32-619] Estimated Timing Summary | WNS=-0.084 | TNS=-0.341 |
INFO: [Physopt 32-662] Processed net num0g[1].  Did not re-place instance num0g_reg[1]
INFO: [Physopt 32-702] Processed net num0g[1]. Optimizations did not improve timing on the net.
INFO: [Physopt 32-702] Processed net arr_multiplier_32b_inst/mem_rdata_reg[27]_i_28_n_5. Optimizations did not improve timing on the net.
INFO: [Physopt 32-662] Processed net arr_multiplier_32b_inst/mem_rdata[27]_i_58_n_0.  Did not re-place instance arr_multiplier_32b_inst/mem_rdata[27]_i_58
INFO: [Physopt 32-735] Processed net arr_multiplier_32b_inst/mem_rdata[27]_i_58_n_0. Optimization improves timing on the net.
INFO: [Physopt 32-619] Estimated Timing Summary | WNS=-0.082 | TNS=-0.333 |
INFO: [Physopt 32-662] Processed net arr_multiplier_32b_inst/mem_rdata[23]_i_54_n_0.  Did not re-place instance arr_multiplier_32b_inst/mem_rdata[23]_i_54
INFO: [Physopt 32-735] Processed net arr_multiplier_32b_inst/mem_rdata[23]_i_54_n_0. Optimization improves timing on the net.
INFO: [Physopt 32-619] Estimated Timing Summary | WNS=-0.082 | TNS=-0.333 |
INFO: [Physopt 32-662] Processed net arr_multiplier_32b_inst/mem_rdata[19]_i_6_n_0.  Did not re-place instance arr_multiplier_32b_inst/mem_rdata[19]_i_6
INFO: [Physopt 32-702] Processed net arr_multiplier_32b_inst/mem_rdata[19]_i_6_n_0. Optimizations did not improve timing on the net.
INFO: [Physopt 32-662] Processed net arr_multiplier_32b_inst/mem_rdata[19]_i_23_n_0.  Did not re-place instance arr_multiplier_32b_inst/mem_rdata[19]_i_23
INFO: [Physopt 32-735] Processed net arr_multiplier_32b_inst/mem_rdata[19]_i_23_n_0. Optimization improves timing on the net.
INFO: [Physopt 32-619] Estimated Timing Summary | WNS=-0.082 | TNS=-0.333 |
INFO: [Physopt 32-619] Estimated Timing Summary | WNS=-0.082 | TNS=-0.333 |
Phase 3 Critical Path Optimization | Checksum: fbf54e5f

Time (s): cpu = 00:01:08 ; elapsed = 00:00:35 . Memory (MB): peak = 2697.805 ; gain = 0.180 ; free physical = 1241 ; free virtual = 5301

Phase 4 Critical Path Optimization
INFO: [Physopt 32-619] Estimated Timing Summary | WNS=-0.082 | TNS=-0.333 |
INFO: [Physopt 32-702] Processed net mem_rdata[25]. Optimizations did not improve timing on the net.
INFO: [Physopt 32-572] Net num0g[4] was not replicated.
Resolution: phys_opt_design can be forced to replicate a net driver using the option -force_replication_on_nets <list of net objects>.
INFO: [Physopt 32-662] Processed net num0g[4].  Did not re-place instance num0g_reg[4]
INFO: [Physopt 32-702] Processed net num0g[4]. Optimizations did not improve timing on the net.
INFO: [Physopt 32-702] Processed net arr_multiplier_32b_inst/mem_rdata[31]_i_23_0[54]. Optimizations did not improve timing on the net.
INFO: [Physopt 32-702] Processed net arr_multiplier_32b_inst/mem_rdata_reg[23]_i_3_n_0. Optimizations did not improve timing on the net.
INFO: [Physopt 32-702] Processed net arr_multiplier_32b_inst/mem_rdata_reg[19]_i_3_n_0. Optimizations did not improve timing on the net.
INFO: [Physopt 32-702] Processed net arr_multiplier_32b_inst/mem_rdata_reg[15]_i_3_n_0. Optimizations did not improve timing on the net.
INFO: [Physopt 32-702] Processed net arr_multiplier_32b_inst/mem_rdata_reg[11]_i_3_n_0. Optimizations did not improve timing on the net.
INFO: [Physopt 32-702] Processed net arr_multiplier_32b_inst/mem_rdata_reg[7]_i_3_n_0. Optimizations did not improve timing on the net.
INFO: [Physopt 32-702] Processed net arr_multiplier_32b_inst/mem_rdata_reg[3]_i_4_n_0. Optimizations did not improve timing on the net.
INFO: [Physopt 32-702] Processed net arr_multiplier_32b_inst/mem_rdata_reg[31]_i_2_n_0. Optimizations did not improve timing on the net.
INFO: [Physopt 32-735] Processed net arr_multiplier_32b_inst/mem_rdata[31]_i_11_n_0. Optimization improves timing on the net.
INFO: [Physopt 32-619] Estimated Timing Summary | WNS=-0.080 | TNS=-0.325 |
INFO: [Physopt 32-81] Processed net num0g[12]. Replicated 2 times.
INFO: [Physopt 32-735] Processed net num0g[12]. Optimization improves timing on the net.
INFO: [Physopt 32-619] Estimated Timing Summary | WNS=-0.077 | TNS=-0.313 |
INFO: [Physopt 32-81] Processed net num1g[6]. Replicated 1 times.
INFO: [Physopt 32-735] Processed net num1g[6]. Optimization improves timing on the net.
INFO: [Physopt 32-619] Estimated Timing Summary | WNS=-0.076 | TNS=-0.309 |
INFO: [Physopt 32-81] Processed net num0g[14]. Replicated 2 times.
INFO: [Physopt 32-735] Processed net num0g[14]. Optimization improves timing on the net.
INFO: [Physopt 32-619] Estimated Timing Summary | WNS=-0.071 | TNS=-0.290 |
INFO: [Physopt 32-81] Processed net num0g[2]. Replicated 1 times.
INFO: [Physopt 32-735] Processed net num0g[2]. Optimization improves timing on the net.
INFO: [Physopt 32-619] Estimated Timing Summary | WNS=-0.071 | TNS=-0.290 |
INFO: [Physopt 32-662] Processed net num0g[3]_repN.  Did not re-place instance num0g_reg[3]_replica
INFO: [Physopt 32-81] Processed net num0g[3]_repN. Replicated 2 times.
INFO: [Physopt 32-735] Processed net num0g[3]_repN. Optimization improves timing on the net.
INFO: [Physopt 32-619] Estimated Timing Summary | WNS=-0.071 | TNS=-0.287 |
INFO: [Physopt 32-702] Processed net mem_rdata[5]. Optimizations did not improve timing on the net.
INFO: [Physopt 32-662] Processed net picorv32_core/latched_store_reg_n_0.  Did not re-place instance picorv32_core/latched_store_reg
INFO: [Physopt 32-81] Processed net picorv32_core/latched_store_reg_n_0. Replicated 1 times.
INFO: [Physopt 32-735] Processed net picorv32_core/latched_store_reg_n_0. Optimization improves timing on the net.
INFO: [Physopt 32-619] Estimated Timing Summary | WNS=-0.070 | TNS=-0.200 |
INFO: [Physopt 32-81] Processed net num1g[3]_repN_2. Replicated 1 times.
INFO: [Physopt 32-735] Processed net num1g[3]_repN_2. Optimization improves timing on the net.
INFO: [Physopt 32-619] Estimated Timing Summary | WNS=-0.070 | TNS=-0.200 |
INFO: [Physopt 32-662] Processed net num1g[18].  Did not re-place instance num1g_reg[18]
INFO: [Physopt 32-81] Processed net num1g[18]. Replicated 1 times.
INFO: [Physopt 32-735] Processed net num1g[18]. Optimization improves timing on the net.
INFO: [Physopt 32-619] Estimated Timing Summary | WNS=-0.069 | TNS=-0.197 |
INFO: [Physopt 32-662] Processed net num1g[18]_repN.  Did not re-place instance num1g_reg[18]_replica
INFO: [Physopt 32-572] Net num1g[18]_repN was not replicated.
Resolution: phys_opt_design can be forced to replicate a net driver using the option -force_replication_on_nets <list of net objects>.
INFO: [Physopt 32-702] Processed net num1g[18]_repN. Optimizations did not improve timing on the net.
INFO: [Physopt 32-702] Processed net arr_multiplier_32b_inst/mem_rdata[7]_i_20_n_0. Optimizations did not improve timing on the net.
INFO: [Physopt 32-662] Processed net arr_multiplier_32b_inst/mem_rdata[7]_i_16_n_0.  Did not re-place instance arr_multiplier_32b_inst/mem_rdata[7]_i_16
INFO: [Physopt 32-572] Net arr_multiplier_32b_inst/mem_rdata[7]_i_16_n_0 was not replicated.
Resolution: phys_opt_design can be forced to replicate a net driver using the option -force_replication_on_nets <list of net objects>.
INFO: [Physopt 32-702] Processed net arr_multiplier_32b_inst/mem_rdata[7]_i_16_n_0. Optimizations did not improve timing on the net.
INFO: [Physopt 32-662] Processed net arr_multiplier_32b_inst/mem_rdata[7]_i_29_n_0.  Did not re-place instance arr_multiplier_32b_inst/mem_rdata[7]_i_29
INFO: [Physopt 32-134] Processed net arr_multiplier_32b_inst/mem_rdata[7]_i_29_n_0. Rewiring did not optimize the net.
INFO: [Physopt 32-572] Net arr_multiplier_32b_inst/mem_rdata[7]_i_29_n_0 was not replicated.
Resolution: phys_opt_design can be forced to replicate a net driver using the option -force_replication_on_nets <list of net objects>.
INFO: [Physopt 32-702] Processed net arr_multiplier_32b_inst/mem_rdata[7]_i_29_n_0. Optimizations did not improve timing on the net.
INFO: [Physopt 32-702] Processed net arr_multiplier_32b_inst/mem_rdata_reg[7]_i_27_n_4. Optimizations did not improve timing on the net.
INFO: [Physopt 32-702] Processed net arr_multiplier_32b_inst/mem_rdata_reg[31]_i_30_n_0. Optimizations did not improve timing on the net.
INFO: [Physopt 32-662] Processed net arr_multiplier_32b_inst/mem_rdata[31]_i_68_n_0.  Did not re-place instance arr_multiplier_32b_inst/mem_rdata[31]_i_68
INFO: [Physopt 32-702] Processed net arr_multiplier_32b_inst/mem_rdata[31]_i_68_n_0. Optimizations did not improve timing on the net.
INFO: [Physopt 32-702] Processed net arr_multiplier_32b_inst/mem_rdata_reg[31]_i_139_n_5. Optimizations did not improve timing on the net.
INFO: [Physopt 32-702] Processed net arr_multiplier_32b_inst/mem_rdata_reg[31]_i_149_n_0. Optimizations did not improve timing on the net.
INFO: [Physopt 32-702] Processed net arr_multiplier_32b_inst/mem_rdata[31]_i_340_n_0. Optimizations did not improve timing on the net.
INFO: [Physopt 32-662] Processed net arr_multiplier_32b_inst/mem_rdata[31]_i_336_n_0.  Did not re-place instance arr_multiplier_32b_inst/mem_rdata[31]_i_336
INFO: [Physopt 32-572] Net arr_multiplier_32b_inst/mem_rdata[31]_i_336_n_0 was not replicated.
Resolution: phys_opt_design can be forced to replicate a net driver using the option -force_replication_on_nets <list of net objects>.
INFO: [Physopt 32-702] Processed net arr_multiplier_32b_inst/mem_rdata[31]_i_336_n_0. Optimizations did not improve timing on the net.
INFO: [Physopt 32-702] Processed net picorv32_core/D[24]. Optimizations did not improve timing on the net.
INFO: [Physopt 32-702] Processed net clk_IBUF. Optimizations did not improve timing on the net.
INFO: [Physopt 32-702] Processed net clk. Optimizations did not improve timing on the net.
INFO: [Physopt 32-702] Processed net mem_rdata[25]. Optimizations did not improve timing on the net.
INFO: [Physopt 32-662] Processed net num1g[18]_repN.  Did not re-place instance num1g_reg[18]_replica
INFO: [Physopt 32-702] Processed net num1g[18]_repN. Optimizations did not improve timing on the net.
INFO: [Physopt 32-702] Processed net arr_multiplier_32b_inst/mem_rdata[31]_i_23_0[54]. Optimizations did not improve timing on the net.
INFO: [Physopt 32-702] Processed net arr_multiplier_32b_inst/mem_rdata[7]_i_20_n_0. Optimizations did not improve timing on the net.
INFO: [Physopt 32-662] Processed net arr_multiplier_32b_inst/mem_rdata[7]_i_16_n_0.  Did not re-place instance arr_multiplier_32b_inst/mem_rdata[7]_i_16
INFO: [Physopt 32-702] Processed net arr_multiplier_32b_inst/mem_rdata[7]_i_16_n_0. Optimizations did not improve timing on the net.
INFO: [Physopt 32-662] Processed net arr_multiplier_32b_inst/mem_rdata[7]_i_29_n_0.  Did not re-place instance arr_multiplier_32b_inst/mem_rdata[7]_i_29
INFO: [Physopt 32-702] Processed net arr_multiplier_32b_inst/mem_rdata[7]_i_29_n_0. Optimizations did not improve timing on the net.
INFO: [Physopt 32-702] Processed net arr_multiplier_32b_inst/mem_rdata_reg[7]_i_27_n_4. Optimizations did not improve timing on the net.
INFO: [Physopt 32-662] Processed net arr_multiplier_32b_inst/mem_rdata[31]_i_68_n_0.  Did not re-place instance arr_multiplier_32b_inst/mem_rdata[31]_i_68
INFO: [Physopt 32-702] Processed net arr_multiplier_32b_inst/mem_rdata[31]_i_68_n_0. Optimizations did not improve timing on the net.
INFO: [Physopt 32-702] Processed net arr_multiplier_32b_inst/mem_rdata_reg[31]_i_139_n_5. Optimizations did not improve timing on the net.
INFO: [Physopt 32-702] Processed net arr_multiplier_32b_inst/mem_rdata[31]_i_340_n_0. Optimizations did not improve timing on the net.
INFO: [Physopt 32-662] Processed net arr_multiplier_32b_inst/mem_rdata[31]_i_336_n_0.  Did not re-place instance arr_multiplier_32b_inst/mem_rdata[31]_i_336
INFO: [Physopt 32-702] Processed net arr_multiplier_32b_inst/mem_rdata[31]_i_336_n_0. Optimizations did not improve timing on the net.
INFO: [Physopt 32-702] Processed net picorv32_core/D[24]. Optimizations did not improve timing on the net.
INFO: [Physopt 32-702] Processed net clk_IBUF. Optimizations did not improve timing on the net.
INFO: [Physopt 32-702] Processed net clk. Optimizations did not improve timing on the net.
INFO: [Physopt 32-619] Estimated Timing Summary | WNS=-0.069 | TNS=-0.197 |
Phase 4 Critical Path Optimization | Checksum: fbf54e5f

Time (s): cpu = 00:01:39 ; elapsed = 00:00:51 . Memory (MB): peak = 2697.805 ; gain = 0.180 ; free physical = 1241 ; free virtual = 5300
Netlist sorting complete. Time (s): cpu = 00:00:00.04 ; elapsed = 00:00:00.05 . Memory (MB): peak = 2697.805 ; gain = 0.000 ; free physical = 1241 ; free virtual = 5300
INFO: [Physopt 32-603] Post Physical Optimization Timing Summary | WNS=-0.069 | TNS=-0.197 |

Summary of Physical Synthesis Optimizations
============================================


-------------------------------------------------------------------------------------------------------------------------------------------------------------
|  Optimization   |  WNS Gain (ns)  |  TNS Gain (ns)  |  Added Cells  |  Removed Cells  |  Optimized Cells/Nets  |  Dont Touch  |  Iterations  |  Elapsed   |
-------------------------------------------------------------------------------------------------------------------------------------------------------------
|  DSP Register   |          0.000  |          0.000  |            0  |              0  |                     0  |           0  |           1  |  00:00:00  |
|  Critical Path  |          0.175  |          1.657  |           35  |              0  |                    49  |           0  |           2  |  00:00:45  |
|  Total          |          0.175  |          1.657  |           35  |              0  |                    49  |           0  |           3  |  00:00:45  |
-------------------------------------------------------------------------------------------------------------------------------------------------------------


Netlist sorting complete. Time (s): cpu = 00:00:00 ; elapsed = 00:00:00 . Memory (MB): peak = 2697.805 ; gain = 0.000 ; free physical = 1241 ; free virtual = 5300
Ending Physical Synthesis Task | Checksum: 19f6c929e

Time (s): cpu = 00:01:39 ; elapsed = 00:00:51 . Memory (MB): peak = 2697.805 ; gain = 0.180 ; free physical = 1241 ; free virtual = 5300
INFO: [Common 17-83] Releasing license: Implementation
387 Infos, 0 Warnings, 0 Critical Warnings and 0 Errors encountered.
phys_opt_design completed successfully
phys_opt_design: Time (s): cpu = 00:01:52 ; elapsed = 00:00:57 . Memory (MB): peak = 2697.805 ; gain = 0.180 ; free physical = 1245 ; free virtual = 5305
INFO: [Timing 38-480] Writing timing data to binary archive.
Writing placer database...
Writing XDEF routing.
Writing XDEF routing logical nets.
Writing XDEF routing special nets.
Write XDEF Complete: Time (s): cpu = 00:00:03 ; elapsed = 00:00:01 . Memory (MB): peak = 2728.656 ; gain = 14.844 ; free physical = 1232 ; free virtual = 5301
INFO: [Common 17-1381] The checkpoint '/home/bran/Documentos/Lab digitales/laboratorio-3-b-b-corp/Vivadoproject/Vivadoproject.runs/impl_1/system_physopt.dcp' has been generated.
Command: route_design
Attempting to get a license for feature 'Implementation' and/or device 'xc7a100t'
INFO: [Common 17-349] Got license for feature 'Implementation' and/or device 'xc7a100t'
INFO: [DRC 23-27] Running DRC with 4 threads
INFO: [Vivado_Tcl 4-198] DRC finished with 0 Errors
INFO: [Vivado_Tcl 4-199] Please refer to the DRC report (report_drc) for more information.
Running DRC as a precondition to command route_design
INFO: [DRC 23-27] Running DRC with 4 threads
INFO: [Vivado_Tcl 4-198] DRC finished with 0 Errors
INFO: [Vivado_Tcl 4-199] Please refer to the DRC report (report_drc) for more information.


Starting Routing Task
INFO: [Route 35-254] Multithreading enabled for route_design using a maximum of 4 CPUs
Checksum: PlaceDB: 86426c98 ConstDB: 0 ShapeSum: 3824b920 RouteDB: 0

Phase 1 Build RT Design
Phase 1 Build RT Design | Checksum: ae3f81c3

Time (s): cpu = 00:00:44 ; elapsed = 00:00:34 . Memory (MB): peak = 2836.305 ; gain = 78.965 ; free physical = 1099 ; free virtual = 5161
Post Restoration Checksum: NetGraph: 75c69ef7 NumContArr: 3878e2cc Constraints: 0 Timing: 0

Phase 2 Router Initialization

Phase 2.1 Create Timer
Phase 2.1 Create Timer | Checksum: ae3f81c3

Time (s): cpu = 00:00:44 ; elapsed = 00:00:34 . Memory (MB): peak = 2836.305 ; gain = 78.965 ; free physical = 1098 ; free virtual = 5161

Phase 2.2 Fix Topology Constraints
Phase 2.2 Fix Topology Constraints | Checksum: ae3f81c3

Time (s): cpu = 00:00:44 ; elapsed = 00:00:35 . Memory (MB): peak = 2843.301 ; gain = 85.961 ; free physical = 1082 ; free virtual = 5145

Phase 2.3 Pre Route Cleanup
Phase 2.3 Pre Route Cleanup | Checksum: ae3f81c3

Time (s): cpu = 00:00:44 ; elapsed = 00:00:35 . Memory (MB): peak = 2843.301 ; gain = 85.961 ; free physical = 1082 ; free virtual = 5145
 Number of Nodes with overlaps = 0

Phase 2.4 Update Timing
Phase 2.4 Update Timing | Checksum: 12e36c767

Time (s): cpu = 00:00:58 ; elapsed = 00:00:42 . Memory (MB): peak = 2872.566 ; gain = 115.227 ; free physical = 1071 ; free virtual = 5135
INFO: [Route 35-416] Intermediate Timing Summary | WNS=0.034  | TNS=0.000  | WHS=-0.143 | THS=-18.465|

Phase 2 Router Initialization | Checksum: 206342083

Time (s): cpu = 00:01:03 ; elapsed = 00:00:45 . Memory (MB): peak = 2872.566 ; gain = 115.227 ; free physical = 1069 ; free virtual = 5133

Router Utilization Summary
  Global Vertical Routing Utilization    = 0 %
  Global Horizontal Routing Utilization  = 0 %
  Routable Net Status*
  *Does not include unroutable nets such as driverless and loadless.
  Run report_route_status for detailed report.
  Number of Failed Nets               = 3944
    (Failed Nets is the sum of unrouted and partially routed nets)
  Number of Unrouted Nets             = 3944
  Number of Partially Routed Nets     = 0
  Number of Node Overlaps             = 0


Phase 3 Initial Routing
Phase 3 Initial Routing | Checksum: 1b1e08d27

Time (s): cpu = 00:01:28 ; elapsed = 00:00:55 . Memory (MB): peak = 2949.492 ; gain = 192.152 ; free physical = 1058 ; free virtual = 5121

Phase 4 Rip-up And Reroute

Phase 4.1 Global Iteration 0
 Number of Nodes with overlaps = 2670
 Number of Nodes with overlaps = 1243
 Number of Nodes with overlaps = 820
 Number of Nodes with overlaps = 535
 Number of Nodes with overlaps = 347
 Number of Nodes with overlaps = 185
 Number of Nodes with overlaps = 77
 Number of Nodes with overlaps = 41
 Number of Nodes with overlaps = 17
 Number of Nodes with overlaps = 14
 Number of Nodes with overlaps = 6
 Number of Nodes with overlaps = 4
 Number of Nodes with overlaps = 2
 Number of Nodes with overlaps = 1
 Number of Nodes with overlaps = 1
 Number of Nodes with overlaps = 0
INFO: [Route 35-416] Intermediate Timing Summary | WNS=-1.689 | TNS=-42.640| WHS=N/A    | THS=N/A    |

Phase 4.1 Global Iteration 0 | Checksum: 12ba9f23d

Time (s): cpu = 00:03:39 ; elapsed = 00:02:00 . Memory (MB): peak = 2949.492 ; gain = 192.152 ; free physical = 1060 ; free virtual = 5124

Phase 4.2 Global Iteration 1
 Number of Nodes with overlaps = 1505
 Number of Nodes with overlaps = 680
 Number of Nodes with overlaps = 410
 Number of Nodes with overlaps = 173
 Number of Nodes with overlaps = 126
 Number of Nodes with overlaps = 109
 Number of Nodes with overlaps = 28
 Number of Nodes with overlaps = 7
 Number of Nodes with overlaps = 4
 Number of Nodes with overlaps = 2
 Number of Nodes with overlaps = 1
 Number of Nodes with overlaps = 1
 Number of Nodes with overlaps = 0
INFO: [Route 35-416] Intermediate Timing Summary | WNS=-1.478 | TNS=-35.238| WHS=N/A    | THS=N/A    |

Phase 4.2 Global Iteration 1 | Checksum: 22d63d122

Time (s): cpu = 00:05:18 ; elapsed = 00:02:54 . Memory (MB): peak = 2949.492 ; gain = 192.152 ; free physical = 1059 ; free virtual = 5122

Phase 4.3 Global Iteration 2
 Number of Nodes with overlaps = 1423
 Number of Nodes with overlaps = 924
 Number of Nodes with overlaps = 420
 Number of Nodes with overlaps = 365
 Number of Nodes with overlaps = 177
 Number of Nodes with overlaps = 70
 Number of Nodes with overlaps = 17
 Number of Nodes with overlaps = 11
 Number of Nodes with overlaps = 4
 Number of Nodes with overlaps = 1
 Number of Nodes with overlaps = 0
INFO: [Route 35-416] Intermediate Timing Summary | WNS=-1.684 | TNS=-41.765| WHS=N/A    | THS=N/A    |

Phase 4.3 Global Iteration 2 | Checksum: 1e6e7a824

Time (s): cpu = 00:08:35 ; elapsed = 00:04:25 . Memory (MB): peak = 2949.492 ; gain = 192.152 ; free physical = 1058 ; free virtual = 5122
Phase 4 Rip-up And Reroute | Checksum: 1e6e7a824

Time (s): cpu = 00:08:35 ; elapsed = 00:04:25 . Memory (MB): peak = 2949.492 ; gain = 192.152 ; free physical = 1058 ; free virtual = 5122

Phase 5 Delay and Skew Optimization

Phase 5.1 Delay CleanUp

Phase 5.1.1 Update Timing
Phase 5.1.1 Update Timing | Checksum: 1ca91fc9a

Time (s): cpu = 00:08:41 ; elapsed = 00:04:27 . Memory (MB): peak = 2949.492 ; gain = 192.152 ; free physical = 1058 ; free virtual = 5122
INFO: [Route 35-416] Intermediate Timing Summary | WNS=-1.471 | TNS=-34.854| WHS=N/A    | THS=N/A    |

 Number of Nodes with overlaps = 0
Phase 5.1 Delay CleanUp | Checksum: 1437c20c3

Time (s): cpu = 00:08:42 ; elapsed = 00:04:28 . Memory (MB): peak = 2949.492 ; gain = 192.152 ; free physical = 1058 ; free virtual = 5122

Phase 5.2 Clock Skew Optimization
Phase 5.2 Clock Skew Optimization | Checksum: 1437c20c3

Time (s): cpu = 00:08:42 ; elapsed = 00:04:28 . Memory (MB): peak = 2949.492 ; gain = 192.152 ; free physical = 1058 ; free virtual = 5122
Phase 5 Delay and Skew Optimization | Checksum: 1437c20c3

Time (s): cpu = 00:08:42 ; elapsed = 00:04:28 . Memory (MB): peak = 2949.492 ; gain = 192.152 ; free physical = 1058 ; free virtual = 5122

Phase 6 Post Hold Fix

Phase 6.1 Hold Fix Iter

Phase 6.1.1 Update Timing
Phase 6.1.1 Update Timing | Checksum: 7f3dcea3

Time (s): cpu = 00:08:48 ; elapsed = 00:04:31 . Memory (MB): peak = 2949.492 ; gain = 192.152 ; free physical = 1058 ; free virtual = 5122
INFO: [Route 35-416] Intermediate Timing Summary | WNS=-1.469 | TNS=-34.790| WHS=0.084  | THS=0.000  |

Phase 6.1 Hold Fix Iter | Checksum: 7f3dcea3

Time (s): cpu = 00:08:48 ; elapsed = 00:04:31 . Memory (MB): peak = 2949.492 ; gain = 192.152 ; free physical = 1058 ; free virtual = 5122
Phase 6 Post Hold Fix | Checksum: 7f3dcea3

Time (s): cpu = 00:08:48 ; elapsed = 00:04:31 . Memory (MB): peak = 2949.492 ; gain = 192.152 ; free physical = 1058 ; free virtual = 5122

Phase 7 Route finalize

Router Utilization Summary
  Global Vertical Routing Utilization    = 2.20986 %
  Global Horizontal Routing Utilization  = 2.12418 %
  Routable Net Status*
  *Does not include unroutable nets such as driverless and loadless.
  Run report_route_status for detailed report.
  Number of Failed Nets               = 0
    (Failed Nets is the sum of unrouted and partially routed nets)
  Number of Unrouted Nets             = 0
  Number of Partially Routed Nets     = 0
  Number of Node Overlaps             = 0

Congestion Report
North Dir 1x1 Area, Max Cong = 92.7928%, Congestion bounded by tiles (Lower Left Tile -> Upper Right Tile):
   INT_R_X9Y48 -> INT_R_X9Y48
South Dir 1x1 Area, Max Cong = 75.6757%, No Congested Regions.
East Dir 1x1 Area, Max Cong = 72.0588%, No Congested Regions.
West Dir 1x1 Area, Max Cong = 80.8824%, No Congested Regions.

------------------------------
Reporting congestion hotspots
------------------------------
Direction: North
----------------
Congested clusters found at Level 0
Effective congestion level: 0 Aspect Ratio: 1 Sparse Ratio: 1
Direction: South
----------------
Congested clusters found at Level 0
Effective congestion level: 0 Aspect Ratio: 1 Sparse Ratio: 0
Direction: East
----------------
Congested clusters found at Level 0
Effective congestion level: 0 Aspect Ratio: 1 Sparse Ratio: 0
Direction: West
----------------
Congested clusters found at Level 0
Effective congestion level: 0 Aspect Ratio: 1 Sparse Ratio: 0

Phase 7 Route finalize | Checksum: 14a890294

Time (s): cpu = 00:08:49 ; elapsed = 00:04:32 . Memory (MB): peak = 2949.492 ; gain = 192.152 ; free physical = 1058 ; free virtual = 5122

Phase 8 Verifying routed nets

 Verification completed successfully
Phase 8 Verifying routed nets | Checksum: 14a890294

Time (s): cpu = 00:08:49 ; elapsed = 00:04:32 . Memory (MB): peak = 2949.492 ; gain = 192.152 ; free physical = 1058 ; free virtual = 5121

Phase 9 Depositing Routes
Phase 9 Depositing Routes | Checksum: 228753243

Time (s): cpu = 00:08:52 ; elapsed = 00:04:35 . Memory (MB): peak = 2949.492 ; gain = 192.152 ; free physical = 1058 ; free virtual = 5121

Phase 10 Post Router Timing
INFO: [Route 35-57] Estimated Timing Summary | WNS=-1.469 | TNS=-34.790| WHS=0.084  | THS=0.000  |

WARNING: [Route 35-328] Router estimated timing not met.
Resolution: For a complete and accurate timing signoff, report_timing_summary must be run after route_design. Alternatively, route_design can be run with the -timing_summary option to enable a complete timing signoff at the end of route_design.
Phase 10 Post Router Timing | Checksum: 228753243

Time (s): cpu = 00:08:52 ; elapsed = 00:04:35 . Memory (MB): peak = 2949.492 ; gain = 192.152 ; free physical = 1058 ; free virtual = 5121
INFO: [Route 35-16] Router Completed Successfully

Time (s): cpu = 00:08:52 ; elapsed = 00:04:35 . Memory (MB): peak = 2949.492 ; gain = 192.152 ; free physical = 1083 ; free virtual = 5146

Routing Is Done.
INFO: [Common 17-83] Releasing license: Implementation
406 Infos, 1 Warnings, 0 Critical Warnings and 0 Errors encountered.
route_design completed successfully
route_design: Time (s): cpu = 00:08:56 ; elapsed = 00:04:38 . Memory (MB): peak = 2949.492 ; gain = 220.836 ; free physical = 1083 ; free virtual = 5146
INFO: [Common 17-600] The following parameters have non-default value.
general.maxThreads
INFO: [Timing 38-480] Writing timing data to binary archive.
Writing placer database...
Writing XDEF routing.
Writing XDEF routing logical nets.
Writing XDEF routing special nets.
Write XDEF Complete: Time (s): cpu = 00:00:08 ; elapsed = 00:00:04 . Memory (MB): peak = 2957.496 ; gain = 0.000 ; free physical = 1069 ; free virtual = 5144
INFO: [Common 17-1381] The checkpoint '/home/bran/Documentos/Lab digitales/laboratorio-3-b-b-corp/Vivadoproject/Vivadoproject.runs/impl_1/system_routed.dcp' has been generated.
write_checkpoint: Time (s): cpu = 00:00:10 ; elapsed = 00:00:05 . Memory (MB): peak = 2957.496 ; gain = 8.004 ; free physical = 1078 ; free virtual = 5144
INFO: [runtcl-4] Executing : report_drc -file system_drc_routed.rpt -pb system_drc_routed.pb -rpx system_drc_routed.rpx
Command: report_drc -file system_drc_routed.rpt -pb system_drc_routed.pb -rpx system_drc_routed.rpx
INFO: [IP_Flow 19-1839] IP Catalog is up to date.
INFO: [DRC 23-27] Running DRC with 4 threads
INFO: [Coretcl 2-168] The results of DRC are in file /home/bran/Documentos/Lab digitales/laboratorio-3-b-b-corp/Vivadoproject/Vivadoproject.runs/impl_1/system_drc_routed.rpt.
report_drc completed successfully
report_drc: Time (s): cpu = 00:00:23 ; elapsed = 00:00:14 . Memory (MB): peak = 2973.504 ; gain = 16.008 ; free physical = 1075 ; free virtual = 5141
INFO: [runtcl-4] Executing : report_methodology -file system_methodology_drc_routed.rpt -pb system_methodology_drc_routed.pb -rpx system_methodology_drc_routed.rpx
Command: report_methodology -file system_methodology_drc_routed.rpt -pb system_methodology_drc_routed.pb -rpx system_methodology_drc_routed.rpx
INFO: [Timing 38-35] Done setting XDC timing constraints.
INFO: [DRC 23-133] Running Methodology with 4 threads
INFO: [Coretcl 2-1520] The results of Report Methodology are in file /home/bran/Documentos/Lab digitales/laboratorio-3-b-b-corp/Vivadoproject/Vivadoproject.runs/impl_1/system_methodology_drc_routed.rpt.
report_methodology completed successfully
report_methodology: Time (s): cpu = 00:01:03 ; elapsed = 00:00:24 . Memory (MB): peak = 2973.504 ; gain = 0.000 ; free physical = 1070 ; free virtual = 5138
INFO: [runtcl-4] Executing : report_power -file system_power_routed.rpt -pb system_power_summary_routed.pb -rpx system_power_routed.rpx
Command: report_power -file system_power_routed.rpt -pb system_power_summary_routed.pb -rpx system_power_routed.rpx
INFO: [Timing 38-35] Done setting XDC timing constraints.
Running Vector-less Activity Propagation...

Finished Running Vector-less Activity Propagation
419 Infos, 1 Warnings, 0 Critical Warnings and 0 Errors encountered.
report_power completed successfully
report_power: Time (s): cpu = 00:00:22 ; elapsed = 00:00:14 . Memory (MB): peak = 3001.395 ; gain = 27.891 ; free physical = 1061 ; free virtual = 5131
INFO: [runtcl-4] Executing : report_route_status -file system_route_status.rpt -pb system_route_status.pb
INFO: [runtcl-4] Executing : report_timing_summary -max_paths 10 -file system_timing_summary_routed.rpt -pb system_timing_summary_routed.pb -rpx system_timing_summary_routed.rpx -warn_on_violation 
INFO: [Timing 38-91] UpdateTimingParams: Speed grade: -1, Delay Type: min_max.
INFO: [Timing 38-191] Multithreading enabled for timing update using a maximum of 4 CPUs
CRITICAL WARNING: [Timing 38-282] The design failed to meet the timing requirements. Please see the timing summary report for details on the timing violations.
INFO: [runtcl-4] Executing : report_incremental_reuse -file system_incremental_reuse_routed.rpt
INFO: [Vivado_Tcl 4-1062] Incremental flow is disabled. No incremental reuse Info to report.
INFO: [runtcl-4] Executing : report_clock_utilization -file system_clock_utilization_routed.rpt
INFO: [runtcl-4] Executing : report_bus_skew -warn_on_violation -file system_bus_skew_routed.rpt -pb system_bus_skew_routed.pb -rpx system_bus_skew_routed.rpx
INFO: [Timing 38-91] UpdateTimingParams: Speed grade: -1, Delay Type: min_max.
INFO: [Timing 38-191] Multithreading enabled for timing update using a maximum of 4 CPUs
INFO: [Common 17-206] Exiting Vivado at Sat Sep 19 21:16:59 2020...
