Copyright 1986-2020 Xilinx, Inc. All Rights Reserved.
------------------------------------------------------------------------------------
| Tool Version : Vivado v.2020.1 (lin64) Build 2902540 Wed May 27 19:54:35 MDT 2020
| Date         : Wed Dec  9 23:36:56 2020
| Host         : bran-VM-ubuntu18 running 64-bit Ubuntu 18.04.5 LTS
| Command      : report_control_sets -verbose -file system_control_sets_placed.rpt
| Design       : system
| Device       : xc7a100t
------------------------------------------------------------------------------------

Control Set Information

Table of Contents
-----------------
1. Summary
2. Histogram
3. Flip-Flop Distribution
4. Detailed Control Set Information

1. Summary
----------

+----------------------------------------------------------+-------+
|                          Status                          | Count |
+----------------------------------------------------------+-------+
| Total control sets                                       |    20 |
|    Minimum number of control sets                        |    20 |
|    Addition due to synthesis replication                 |     0 |
|    Addition due to physical synthesis replication        |     0 |
| Unused register locations in slices containing registers |    60 |
+----------------------------------------------------------+-------+
* Control sets can be merged at opt_design using control_set_merge or merge_equivalent_drivers
** Run report_qor_suggestions for automated merging and remapping suggestions


2. Histogram
------------

+--------------------+-------+
|       Fanout       | Count |
+--------------------+-------+
| Total control sets |    20 |
| >= 0 to < 4        |     2 |
| >= 4 to < 6        |     3 |
| >= 6 to < 8        |     1 |
| >= 8 to < 10       |     0 |
| >= 10 to < 12      |     0 |
| >= 12 to < 14      |     2 |
| >= 14 to < 16      |     0 |
| >= 16              |    12 |
+--------------------+-------+
* Control sets can be remapped at either synth_design or opt_design


3. Flip-Flop Distribution
-------------------------

+--------------+-----------------------+------------------------+-----------------+--------------+
| Clock Enable | Synchronous Set/Reset | Asynchronous Set/Reset | Total Registers | Total Slices |
+--------------+-----------------------+------------------------+-----------------+--------------+
| No           | No                    | No                     |             113 |           62 |
| No           | No                    | Yes                    |               0 |            0 |
| No           | Yes                   | No                     |              85 |           24 |
| Yes          | No                    | No                     |             208 |           92 |
| Yes          | No                    | Yes                    |               0 |            0 |
| Yes          | Yes                   | No                     |             182 |           55 |
+--------------+-----------------------+------------------------+-----------------+--------------+


4. Detailed Control Set Information
-----------------------------------

+----------------+---------------------------------------------------+---------------------------------------+------------------+----------------+--------------+
|  Clock Signal  |                   Enable Signal                   |            Set/Reset Signal           | Slice Load Count | Bel Load Count | Bels / Slice |
+----------------+---------------------------------------------------+---------------------------------------+------------------+----------------+--------------+
|  clk_IBUF_BUFG |                                                   | picorv32_core/out_byte_en01_out       |                1 |              1 |         1.00 |
|  clk_IBUF_BUFG | resetn_IBUF                                       | text_display_inst/mem[37]_i_1_n_0     |                1 |              1 |         1.00 |
|  clk_IBUF_BUFG | picorv32_core/instr_lui0                          | picorv32_core/is_sb_sh_sw_i_1_n_0     |                2 |              4 |         2.00 |
|  clk_IBUF_BUFG | picorv32_core/latched_rd[4]_i_2_n_0               | picorv32_core/latched_rd[4]_i_1_n_0   |                2 |              5 |         2.50 |
|  clk_IBUF_BUFG | picorv32_core/is_lui_auipc_jal_jalr_addi_add_sub0 | picorv32_core/instr_lhu_i_1_n_0       |                1 |              5 |         5.00 |
|  clk_IBUF_BUFG | picorv32_core/cpu_state[7]_i_2_n_0                | picorv32_core/cpu_state[7]_i_1_n_0    |                2 |              7 |         3.50 |
|  clk_IBUF_BUFG | picorv32_core/E[0]                                |                                       |                4 |             12 |         3.00 |
|  clk_IBUF_BUFG | picorv32_core/is_lui_auipc_jal_jalr_addi_add_sub0 | picorv32_core/decoded_imm[31]_i_1_n_0 |                4 |             12 |         3.00 |
|  clk_IBUF_BUFG | picorv32_core/is_lui_auipc_jal_jalr_addi_add_sub0 | picorv32_core/resetn                  |                6 |             22 |         3.67 |
|  clk_IBUF_BUFG | picorv32_core/mem_valid_reg_n_0                   |                                       |               11 |             22 |         2.00 |
|  clk_IBUF_BUFG | picorv32_core/reg_op1[31]_i_1_n_0                 |                                       |               19 |             32 |         1.68 |
|  clk_IBUF_BUFG | picorv32_core/reg_op2[31]_i_1_n_0                 |                                       |               16 |             32 |         2.00 |
|  clk_IBUF_BUFG | picorv32_core/is_lui_auipc_jal_jalr_addi_add_sub0 |                                       |               17 |             33 |         1.94 |
|  clk_IBUF_BUFG | resetn_IBUF                                       |                                       |                9 |             38 |         4.22 |
|  clk_IBUF_BUFG | picorv32_core/instr_lui0                          |                                       |               16 |             39 |         2.44 |
|  clk_IBUF_BUFG | picorv32_core/reg_next_pc                         | picorv32_core/resetn                  |               21 |             62 |         2.95 |
|  clk_IBUF_BUFG | picorv32_core/count_instr                         | picorv32_core/resetn                  |               16 |             64 |         4.00 |
|  clk_IBUF_BUFG |                                                   | picorv32_core/resetn                  |               23 |             84 |         3.65 |
|  clk_IBUF_BUFG | picorv32_core/cpuregs_reg_r1_0_31_0_5_i_1_n_0     |                                       |               12 |             96 |         8.00 |
|  clk_IBUF_BUFG |                                                   |                                       |               62 |            113 |         1.82 |
+----------------+---------------------------------------------------+---------------------------------------+------------------+----------------+--------------+


