
*** Running vivado
    with args -log system.vds -m64 -product Vivado -mode batch -messageDb vivado.pb -notrace -source system.tcl


****** Vivado v2020.1 (64-bit)
  **** SW Build 2902540 on Wed May 27 19:54:35 MDT 2020
  **** IP Build 2902112 on Wed May 27 22:43:36 MDT 2020
    ** Copyright 1986-2020 Xilinx, Inc. All Rights Reserved.

source system.tcl -notrace
Command: synth_design -top system -part xc7a100tcsg324-1
Starting synth_design
Attempting to get a license for feature 'Synthesis' and/or device 'xc7a100t'
INFO: [Common 17-349] Got license for feature 'Synthesis' and/or device 'xc7a100t'
INFO: [Device 21-403] Loading part xc7a100tcsg324-1
INFO: [Synth 8-7079] Multithreading enabled for synth_design using a maximum of 4 processes.
INFO: [Synth 8-7078] Launching helper process for spawning children vivado processes
INFO: [Synth 8-7075] Helper process launched with PID 23602
---------------------------------------------------------------------------------
Starting RTL Elaboration : Time (s): cpu = 00:00:09 ; elapsed = 00:00:12 . Memory (MB): peak = 2116.469 ; gain = 0.000 ; free physical = 803 ; free virtual = 4398
---------------------------------------------------------------------------------
INFO: [Synth 8-6157] synthesizing module 'system' [/home/bran/Documentos/Lab digitales/laboratorio-8-b-b-corp/src/verilog/system.v:10]
	Parameter FAST_MEMORY bound to: 1 - type: integer 
	Parameter MEM_SIZE bound to: 4096 - type: integer 
INFO: [Synth 8-3876] $readmem data file '../firmware/firmware.hex' is read successfully [/home/bran/Documentos/Lab digitales/laboratorio-8-b-b-corp/src/verilog/system.v:93]
INFO: [Synth 8-6157] synthesizing module 'picorv32' [/home/bran/Documentos/Lab digitales/laboratorio-8-b-b-corp/src/picorv32/picorv32.v:57]
	Parameter ENABLE_COUNTERS bound to: 1'b1 
	Parameter ENABLE_COUNTERS64 bound to: 1'b1 
	Parameter ENABLE_REGS_16_31 bound to: 1'b1 
	Parameter ENABLE_REGS_DUALPORT bound to: 1'b1 
	Parameter LATCHED_MEM_RDATA bound to: 1'b0 
	Parameter TWO_STAGE_SHIFT bound to: 1'b1 
	Parameter BARREL_SHIFTER bound to: 1'b0 
	Parameter TWO_CYCLE_COMPARE bound to: 1'b0 
	Parameter TWO_CYCLE_ALU bound to: 1'b0 
	Parameter COMPRESSED_ISA bound to: 1'b0 
	Parameter CATCH_MISALIGN bound to: 1'b1 
	Parameter CATCH_ILLINSN bound to: 1'b1 
	Parameter ENABLE_PCPI bound to: 1'b0 
	Parameter ENABLE_MUL bound to: 1'b0 
	Parameter ENABLE_FAST_MUL bound to: 1'b0 
	Parameter ENABLE_DIV bound to: 1'b0 
	Parameter ENABLE_IRQ bound to: 1'b0 
	Parameter ENABLE_IRQ_QREGS bound to: 1'b1 
	Parameter ENABLE_IRQ_TIMER bound to: 1'b1 
	Parameter ENABLE_TRACE bound to: 1'b0 
	Parameter REGS_INIT_ZERO bound to: 1'b0 
	Parameter MASKED_IRQ bound to: 0 - type: integer 
	Parameter LATCHED_IRQ bound to: -1 - type: integer 
	Parameter PROGADDR_RESET bound to: 0 - type: integer 
	Parameter PROGADDR_IRQ bound to: 16 - type: integer 
	Parameter STACKADDR bound to: -1 - type: integer 
	Parameter irq_timer bound to: 0 - type: integer 
	Parameter irq_ebreak bound to: 1 - type: integer 
	Parameter irq_buserror bound to: 2 - type: integer 
	Parameter irqregs_offset bound to: 32 - type: integer 
	Parameter regfile_size bound to: 32 - type: integer 
	Parameter regindex_bits bound to: 5 - type: integer 
	Parameter WITH_PCPI bound to: 1'b0 
	Parameter TRACE_BRANCH bound to: 36'b000100000000000000000000000000000000 
	Parameter TRACE_ADDR bound to: 36'b001000000000000000000000000000000000 
	Parameter TRACE_IRQ bound to: 36'b100000000000000000000000000000000000 
	Parameter cpu_state_trap bound to: 8'b10000000 
	Parameter cpu_state_fetch bound to: 8'b01000000 
	Parameter cpu_state_ld_rs1 bound to: 8'b00100000 
	Parameter cpu_state_ld_rs2 bound to: 8'b00010000 
	Parameter cpu_state_exec bound to: 8'b00001000 
	Parameter cpu_state_shift bound to: 8'b00000100 
	Parameter cpu_state_stmem bound to: 8'b00000010 
	Parameter cpu_state_ldmem bound to: 8'b00000001 
WARNING: [Synth 8-151] case item 1'b0 is unreachable [/home/bran/Documentos/Lab digitales/laboratorio-8-b-b-corp/src/picorv32/picorv32.v:1248]
WARNING: [Synth 8-151] case item 1'b0 is unreachable [/home/bran/Documentos/Lab digitales/laboratorio-8-b-b-corp/src/picorv32/picorv32.v:1294]
INFO: [Synth 8-155] case statement is not full and has no default [/home/bran/Documentos/Lab digitales/laboratorio-8-b-b-corp/src/picorv32/picorv32.v:1294]
WARNING: [Synth 8-151] case item 1'b0 is unreachable [/home/bran/Documentos/Lab digitales/laboratorio-8-b-b-corp/src/picorv32/picorv32.v:1477]
INFO: [Synth 8-155] case statement is not full and has no default [/home/bran/Documentos/Lab digitales/laboratorio-8-b-b-corp/src/picorv32/picorv32.v:1477]
WARNING: [Synth 8-151] case item 1'b0 is unreachable [/home/bran/Documentos/Lab digitales/laboratorio-8-b-b-corp/src/picorv32/picorv32.v:1563]
WARNING: [Synth 8-151] case item 1'b0 is unreachable [/home/bran/Documentos/Lab digitales/laboratorio-8-b-b-corp/src/picorv32/picorv32.v:1563]
WARNING: [Synth 8-151] case item 1'b0 is unreachable [/home/bran/Documentos/Lab digitales/laboratorio-8-b-b-corp/src/picorv32/picorv32.v:1563]
WARNING: [Synth 8-151] case item 1'b0 is unreachable [/home/bran/Documentos/Lab digitales/laboratorio-8-b-b-corp/src/picorv32/picorv32.v:1563]
WARNING: [Synth 8-151] case item 1'b0 is unreachable [/home/bran/Documentos/Lab digitales/laboratorio-8-b-b-corp/src/picorv32/picorv32.v:1563]
INFO: [Synth 8-6155] done synthesizing module 'picorv32' (1#1) [/home/bran/Documentos/Lab digitales/laboratorio-8-b-b-corp/src/picorv32/picorv32.v:57]
WARNING: [Synth 8-7071] port 'pcpi_valid' of module 'picorv32' is unconnected for instance 'picorv32_core' [/home/bran/Documentos/Lab digitales/laboratorio-8-b-b-corp/src/verilog/system.v:41]
WARNING: [Synth 8-7071] port 'pcpi_insn' of module 'picorv32' is unconnected for instance 'picorv32_core' [/home/bran/Documentos/Lab digitales/laboratorio-8-b-b-corp/src/verilog/system.v:41]
WARNING: [Synth 8-7071] port 'pcpi_rs1' of module 'picorv32' is unconnected for instance 'picorv32_core' [/home/bran/Documentos/Lab digitales/laboratorio-8-b-b-corp/src/verilog/system.v:41]
WARNING: [Synth 8-7071] port 'pcpi_rs2' of module 'picorv32' is unconnected for instance 'picorv32_core' [/home/bran/Documentos/Lab digitales/laboratorio-8-b-b-corp/src/verilog/system.v:41]
WARNING: [Synth 8-7071] port 'pcpi_wr' of module 'picorv32' is unconnected for instance 'picorv32_core' [/home/bran/Documentos/Lab digitales/laboratorio-8-b-b-corp/src/verilog/system.v:41]
WARNING: [Synth 8-7071] port 'pcpi_rd' of module 'picorv32' is unconnected for instance 'picorv32_core' [/home/bran/Documentos/Lab digitales/laboratorio-8-b-b-corp/src/verilog/system.v:41]
WARNING: [Synth 8-7071] port 'pcpi_wait' of module 'picorv32' is unconnected for instance 'picorv32_core' [/home/bran/Documentos/Lab digitales/laboratorio-8-b-b-corp/src/verilog/system.v:41]
WARNING: [Synth 8-7071] port 'pcpi_ready' of module 'picorv32' is unconnected for instance 'picorv32_core' [/home/bran/Documentos/Lab digitales/laboratorio-8-b-b-corp/src/verilog/system.v:41]
WARNING: [Synth 8-7071] port 'irq' of module 'picorv32' is unconnected for instance 'picorv32_core' [/home/bran/Documentos/Lab digitales/laboratorio-8-b-b-corp/src/verilog/system.v:41]
WARNING: [Synth 8-7071] port 'eoi' of module 'picorv32' is unconnected for instance 'picorv32_core' [/home/bran/Documentos/Lab digitales/laboratorio-8-b-b-corp/src/verilog/system.v:41]
WARNING: [Synth 8-7071] port 'trace_valid' of module 'picorv32' is unconnected for instance 'picorv32_core' [/home/bran/Documentos/Lab digitales/laboratorio-8-b-b-corp/src/verilog/system.v:41]
WARNING: [Synth 8-7071] port 'trace_data' of module 'picorv32' is unconnected for instance 'picorv32_core' [/home/bran/Documentos/Lab digitales/laboratorio-8-b-b-corp/src/verilog/system.v:41]
WARNING: [Synth 8-7023] instance 'picorv32_core' of module 'picorv32' has 27 connections declared, but only 15 given [/home/bran/Documentos/Lab digitales/laboratorio-8-b-b-corp/src/verilog/system.v:41]
INFO: [Synth 8-6157] synthesizing module 'text_display' [/home/bran/Documentos/Lab digitales/laboratorio-8-b-b-corp/src/verilog/text_display.v:14]
	Parameter TEXT_SIZE bound to: 4 - type: integer 
	Parameter LEDSEGMENTS bound to: 7 - type: integer 
	Parameter Start bound to: 4'b0000 
	Parameter Select bound to: 4'b0001 
	Parameter Paper bound to: 4'b0010 
	Parameter Scissors bound to: 4'b0011 
	Parameter Rock bound to: 4'b0100 
	Parameter Rival bound to: 4'b0101 
	Parameter YouWON bound to: 4'b0110 
	Parameter YouLOST bound to: 4'b0111 
	Parameter Tie bound to: 4'b1000 
INFO: [Synth 8-6157] synthesizing module 'x7_segment_hex' [/home/bran/Documentos/Lab digitales/laboratorio-8-b-b-corp/src/verilog/7_segment_hex.v:9]
	Parameter A bound to: 8'b10001000 
	Parameter B bound to: 8'b10000011 
	Parameter C bound to: 8'b10100111 
	Parameter D bound to: 8'b10100001 
	Parameter E bound to: 8'b10000110 
	Parameter F bound to: 8'b10001110 
	Parameter G bound to: 8'b11000010 
	Parameter H bound to: 8'b10001011 
	Parameter I bound to: 8'b11101110 
	Parameter J bound to: 8'b11110010 
	Parameter K bound to: 8'b10001010 
	Parameter L bound to: 8'b11000111 
	Parameter M bound to: 8'b10101010 
	Parameter N bound to: 8'b10101011 
	Parameter O bound to: 8'b10100011 
	Parameter P bound to: 8'b10001100 
	Parameter Q bound to: 8'b10011000 
	Parameter R bound to: 8'b10101111 
	Parameter S bound to: 8'b11010010 
	Parameter T bound to: 8'b10000111 
	Parameter U bound to: 8'b11100011 
	Parameter V bound to: 8'b11010101 
	Parameter W bound to: 8'b10010101 
	Parameter X bound to: 8'b11101011 
	Parameter Y bound to: 8'b10010001 
	Parameter Z bound to: 8'b11100100 
INFO: [Synth 8-226] default block is never used [/home/bran/Documentos/Lab digitales/laboratorio-8-b-b-corp/src/verilog/7_segment_hex.v:59]
INFO: [Synth 8-6155] done synthesizing module 'x7_segment_hex' (2#1) [/home/bran/Documentos/Lab digitales/laboratorio-8-b-b-corp/src/verilog/7_segment_hex.v:9]
INFO: [Synth 8-6155] done synthesizing module 'text_display' (3#1) [/home/bran/Documentos/Lab digitales/laboratorio-8-b-b-corp/src/verilog/text_display.v:14]
INFO: [Synth 8-6155] done synthesizing module 'system' (4#1) [/home/bran/Documentos/Lab digitales/laboratorio-8-b-b-corp/src/verilog/system.v:10]
---------------------------------------------------------------------------------
Finished RTL Elaboration : Time (s): cpu = 00:00:11 ; elapsed = 00:00:16 . Memory (MB): peak = 2116.469 ; gain = 0.000 ; free physical = 828 ; free virtual = 4425
---------------------------------------------------------------------------------
---------------------------------------------------------------------------------
Start Handling Custom Attributes
---------------------------------------------------------------------------------
---------------------------------------------------------------------------------
Finished Handling Custom Attributes : Time (s): cpu = 00:00:12 ; elapsed = 00:00:17 . Memory (MB): peak = 2116.469 ; gain = 0.000 ; free physical = 826 ; free virtual = 4423
---------------------------------------------------------------------------------
---------------------------------------------------------------------------------
Finished RTL Optimization Phase 1 : Time (s): cpu = 00:00:12 ; elapsed = 00:00:17 . Memory (MB): peak = 2116.469 ; gain = 0.000 ; free physical = 826 ; free virtual = 4423
---------------------------------------------------------------------------------
Netlist sorting complete. Time (s): cpu = 00:00:00.04 ; elapsed = 00:00:00.04 . Memory (MB): peak = 2116.469 ; gain = 0.000 ; free physical = 818 ; free virtual = 4415
INFO: [Project 1-570] Preparing netlist for logic optimization

Processing XDC Constraints
Initializing timing engine
Parsing XDC File [/home/bran/Documentos/Lab digitales/laboratorio-8-b-b-corp/src/constraints/system.xdc]
Finished Parsing XDC File [/home/bran/Documentos/Lab digitales/laboratorio-8-b-b-corp/src/constraints/system.xdc]
INFO: [Project 1-236] Implementation specific constraints were found while reading constraint file [/home/bran/Documentos/Lab digitales/laboratorio-8-b-b-corp/src/constraints/system.xdc]. These constraints will be ignored for synthesis but will be used in implementation. Impacted constraints are listed in the file [.Xil/system_propImpl.xdc].
Resolution: To avoid this warning, move constraints listed in [.Xil/system_propImpl.xdc] to another XDC file and exclude this new file from synthesis with the used_in_synthesis property (File Properties dialog in GUI) and re-run elaboration/synthesis.
Completed Processing XDC Constraints

Netlist sorting complete. Time (s): cpu = 00:00:00 ; elapsed = 00:00:00 . Memory (MB): peak = 2212.113 ; gain = 0.000 ; free physical = 714 ; free virtual = 4322
INFO: [Project 1-111] Unisim Transformation Summary:
No Unisim elements were transformed.

Constraint Validation Runtime : Time (s): cpu = 00:00:00.01 ; elapsed = 00:00:00.01 . Memory (MB): peak = 2212.113 ; gain = 0.000 ; free physical = 714 ; free virtual = 4322
---------------------------------------------------------------------------------
Finished Constraint Validation : Time (s): cpu = 00:00:23 ; elapsed = 00:00:31 . Memory (MB): peak = 2212.113 ; gain = 95.645 ; free physical = 790 ; free virtual = 4398
---------------------------------------------------------------------------------
---------------------------------------------------------------------------------
Start Loading Part and Timing Information
---------------------------------------------------------------------------------
Loading part: xc7a100tcsg324-1
---------------------------------------------------------------------------------
Finished Loading Part and Timing Information : Time (s): cpu = 00:00:23 ; elapsed = 00:00:31 . Memory (MB): peak = 2212.113 ; gain = 95.645 ; free physical = 790 ; free virtual = 4398
---------------------------------------------------------------------------------
---------------------------------------------------------------------------------
Start Applying 'set_property' XDC Constraints
---------------------------------------------------------------------------------
---------------------------------------------------------------------------------
Finished applying 'set_property' XDC Constraints : Time (s): cpu = 00:00:23 ; elapsed = 00:00:31 . Memory (MB): peak = 2212.113 ; gain = 95.645 ; free physical = 790 ; free virtual = 4398
---------------------------------------------------------------------------------
---------------------------------------------------------------------------------
Finished RTL Optimization Phase 2 : Time (s): cpu = 00:00:25 ; elapsed = 00:00:33 . Memory (MB): peak = 2212.113 ; gain = 95.645 ; free physical = 781 ; free virtual = 4390
---------------------------------------------------------------------------------
---------------------------------------------------------------------------------
Start RTL Component Statistics 
---------------------------------------------------------------------------------
Detailed RTL Component Info : 
+---Adders : 
	   2 Input   32 Bit       Adders := 4     
	   3 Input   32 Bit       Adders := 1     
	   2 Input    5 Bit       Adders := 2     
+---XORs : 
	   2 Input     32 Bit         XORs := 1     
+---Registers : 
	               64 Bit    Registers := 1     
	               36 Bit    Registers := 1     
	               32 Bit    Registers := 14    
	                8 Bit    Registers := 5     
	                5 Bit    Registers := 6     
	                4 Bit    Registers := 1     
	                2 Bit    Registers := 2     
	                1 Bit    Registers := 79    
+---RAMs : 
	             128K Bit	(4096 X 32 bit)          RAMs := 1     
	             1024 Bit	(32 X 32 bit)          RAMs := 1     
+---ROMs : 
	                    ROMs := 1     
+---Muxes : 
	   2 Input   32 Bit        Muxes := 30    
	   8 Input   32 Bit        Muxes := 3     
	   5 Input   32 Bit        Muxes := 1     
	   6 Input   32 Bit        Muxes := 1     
	   4 Input   32 Bit        Muxes := 7     
	   9 Input   32 Bit        Muxes := 2     
	   7 Input   32 Bit        Muxes := 1     
	   2 Input   16 Bit        Muxes := 1     
	   4 Input    8 Bit        Muxes := 2     
	   8 Input    8 Bit        Muxes := 1     
	   9 Input    8 Bit        Muxes := 1     
	   2 Input    8 Bit        Muxes := 3     
	   8 Input    5 Bit        Muxes := 1     
	   2 Input    5 Bit        Muxes := 1     
	   9 Input    5 Bit        Muxes := 2     
	   3 Input    4 Bit        Muxes := 1     
	   5 Input    4 Bit        Muxes := 1     
	   4 Input    4 Bit        Muxes := 1     
	   2 Input    4 Bit        Muxes := 1     
	   2 Input    3 Bit        Muxes := 2     
	   6 Input    2 Bit        Muxes := 1     
	   9 Input    2 Bit        Muxes := 1     
	   9 Input    1 Bit        Muxes := 26    
	   2 Input    1 Bit        Muxes := 20    
	   4 Input    1 Bit        Muxes := 9     
	   7 Input    1 Bit        Muxes := 1     
	   8 Input    1 Bit        Muxes := 2     
	   3 Input    1 Bit        Muxes := 2     
---------------------------------------------------------------------------------
Finished RTL Component Statistics 
---------------------------------------------------------------------------------
---------------------------------------------------------------------------------
Start Part Resource Summary
---------------------------------------------------------------------------------
Part Resources:
DSPs: 240 (col length:80)
BRAMs: 270 (col length: RAMB18 80 RAMB36 40)
---------------------------------------------------------------------------------
Finished Part Resource Summary
---------------------------------------------------------------------------------
---------------------------------------------------------------------------------
Start Cross Boundary and Area Optimization
---------------------------------------------------------------------------------
---------------------------------------------------------------------------------
Finished Cross Boundary and Area Optimization : Time (s): cpu = 00:00:34 ; elapsed = 00:00:43 . Memory (MB): peak = 2212.113 ; gain = 95.645 ; free physical = 751 ; free virtual = 4367
---------------------------------------------------------------------------------
---------------------------------------------------------------------------------
Start ROM, RAM, DSP and Shift Register Reporting
---------------------------------------------------------------------------------

ROM: Preliminary Mapping	Report
+------------+--------------------------------------------------+---------------+----------------+
|Module Name | RTL Object                                       | Depth x Width | Implemented As | 
+------------+--------------------------------------------------+---------------+----------------+
|system      | text_display_inst/x7_segment_hex_inst/number_reg | 256x8         | Block RAM      | 
+------------+--------------------------------------------------+---------------+----------------+


Block RAM: Preliminary Mapping	Report (see note below)
+------------+------------+------------------------+---+---+------------------------+---+---+------------------+--------+--------+
|Module Name | RTL Object | PORT A (Depth x Width) | W | R | PORT B (Depth x Width) | W | R | Ports driving FF | RAMB18 | RAMB36 | 
+------------+------------+------------------------+---+---+------------------------+---+---+------------------+--------+--------+
|system      | memory_reg | 4 K x 32(READ_FIRST)   | W |   | 4 K x 32(WRITE_FIRST)  |   | R | Port A and B     | 0      | 4      | 
+------------+------------+------------------------+---+---+------------------------+---+---+------------------+--------+--------+

Note: The table above is a preliminary report that shows the Block RAMs at the current stage of the synthesis flow. Some Block RAMs may be reimplemented as non Block RAM primitives later in the synthesis flow. Multiple instantiated Block RAMs are reported only once. 

Distributed RAM: Preliminary Mapping	Report (see note below)
+------------+---------------------------+-----------+----------------------+--------------+
|Module Name | RTL Object                | Inference | Size (Depth x Width) | Primitives   | 
+------------+---------------------------+-----------+----------------------+--------------+
|system      | picorv32_core/cpuregs_reg | Implied   | 32 x 32              | RAM32M x 12	 | 
+------------+---------------------------+-----------+----------------------+--------------+

Note: The table above is a preliminary report that shows the Distributed RAMs at the current stage of the synthesis flow. Some Distributed RAMs may be reimplemented as non Distributed RAM primitives later in the synthesis flow. Multiple instantiated RAMs are reported only once.
---------------------------------------------------------------------------------
Finished ROM, RAM, DSP and Shift Register Reporting
---------------------------------------------------------------------------------
---------------------------------------------------------------------------------
Start Applying XDC Timing Constraints
---------------------------------------------------------------------------------
---------------------------------------------------------------------------------
Finished Applying XDC Timing Constraints : Time (s): cpu = 00:00:47 ; elapsed = 00:00:57 . Memory (MB): peak = 2212.113 ; gain = 95.645 ; free physical = 625 ; free virtual = 4248
---------------------------------------------------------------------------------
---------------------------------------------------------------------------------
Start Timing Optimization
---------------------------------------------------------------------------------
---------------------------------------------------------------------------------
Finished Timing Optimization : Time (s): cpu = 00:00:53 ; elapsed = 00:01:03 . Memory (MB): peak = 2228.121 ; gain = 111.652 ; free physical = 595 ; free virtual = 4218
---------------------------------------------------------------------------------
---------------------------------------------------------------------------------
Start ROM, RAM, DSP and Shift Register Reporting
---------------------------------------------------------------------------------

Block RAM: Final Mapping	Report
+------------+------------+------------------------+---+---+------------------------+---+---+------------------+--------+--------+
|Module Name | RTL Object | PORT A (Depth x Width) | W | R | PORT B (Depth x Width) | W | R | Ports driving FF | RAMB18 | RAMB36 | 
+------------+------------+------------------------+---+---+------------------------+---+---+------------------+--------+--------+
|system      | memory_reg | 4 K x 32(READ_FIRST)   | W |   | 4 K x 32(WRITE_FIRST)  |   | R | Port A and B     | 0      | 4      | 
+------------+------------+------------------------+---+---+------------------------+---+---+------------------+--------+--------+


Distributed RAM: Final Mapping	Report
+------------+---------------------------+-----------+----------------------+--------------+
|Module Name | RTL Object                | Inference | Size (Depth x Width) | Primitives   | 
+------------+---------------------------+-----------+----------------------+--------------+
|system      | picorv32_core/cpuregs_reg | Implied   | 32 x 32              | RAM32M x 12	 | 
+------------+---------------------------+-----------+----------------------+--------------+

---------------------------------------------------------------------------------
Finished ROM, RAM, DSP and Shift Register Reporting
---------------------------------------------------------------------------------
---------------------------------------------------------------------------------
Start Technology Mapping
---------------------------------------------------------------------------------
INFO: [Synth 8-7052] The timing for the instance memory_reg_0 (implemented as a Block RAM) might be sub-optimal as no optional output register could be merged into the ram block. Providing additional output register may help in improving timing.
INFO: [Synth 8-7052] The timing for the instance memory_reg_1 (implemented as a Block RAM) might be sub-optimal as no optional output register could be merged into the ram block. Providing additional output register may help in improving timing.
INFO: [Synth 8-7052] The timing for the instance memory_reg_2 (implemented as a Block RAM) might be sub-optimal as no optional output register could be merged into the ram block. Providing additional output register may help in improving timing.
INFO: [Synth 8-7052] The timing for the instance memory_reg_3 (implemented as a Block RAM) might be sub-optimal as no optional output register could be merged into the ram block. Providing additional output register may help in improving timing.
---------------------------------------------------------------------------------
Finished Technology Mapping : Time (s): cpu = 00:00:54 ; elapsed = 00:01:05 . Memory (MB): peak = 2244.137 ; gain = 127.668 ; free physical = 593 ; free virtual = 4216
---------------------------------------------------------------------------------
---------------------------------------------------------------------------------
Start IO Insertion
---------------------------------------------------------------------------------
---------------------------------------------------------------------------------
Start Flattening Before IO Insertion
---------------------------------------------------------------------------------
---------------------------------------------------------------------------------
Finished Flattening Before IO Insertion
---------------------------------------------------------------------------------
---------------------------------------------------------------------------------
Start Final Netlist Cleanup
---------------------------------------------------------------------------------
---------------------------------------------------------------------------------
Finished Final Netlist Cleanup
---------------------------------------------------------------------------------
---------------------------------------------------------------------------------
Finished IO Insertion : Time (s): cpu = 00:00:59 ; elapsed = 00:01:10 . Memory (MB): peak = 2244.137 ; gain = 127.668 ; free physical = 592 ; free virtual = 4215
---------------------------------------------------------------------------------
---------------------------------------------------------------------------------
Start Renaming Generated Instances
---------------------------------------------------------------------------------
---------------------------------------------------------------------------------
Finished Renaming Generated Instances : Time (s): cpu = 00:00:59 ; elapsed = 00:01:10 . Memory (MB): peak = 2244.137 ; gain = 127.668 ; free physical = 592 ; free virtual = 4215
---------------------------------------------------------------------------------
---------------------------------------------------------------------------------
Start Rebuilding User Hierarchy
---------------------------------------------------------------------------------
---------------------------------------------------------------------------------
Finished Rebuilding User Hierarchy : Time (s): cpu = 00:00:59 ; elapsed = 00:01:10 . Memory (MB): peak = 2244.137 ; gain = 127.668 ; free physical = 592 ; free virtual = 4215
---------------------------------------------------------------------------------
---------------------------------------------------------------------------------
Start Renaming Generated Ports
---------------------------------------------------------------------------------
---------------------------------------------------------------------------------
Finished Renaming Generated Ports : Time (s): cpu = 00:00:59 ; elapsed = 00:01:10 . Memory (MB): peak = 2244.137 ; gain = 127.668 ; free physical = 592 ; free virtual = 4215
---------------------------------------------------------------------------------
---------------------------------------------------------------------------------
Start Handling Custom Attributes
---------------------------------------------------------------------------------
---------------------------------------------------------------------------------
Finished Handling Custom Attributes : Time (s): cpu = 00:00:59 ; elapsed = 00:01:10 . Memory (MB): peak = 2244.137 ; gain = 127.668 ; free physical = 592 ; free virtual = 4215
---------------------------------------------------------------------------------
---------------------------------------------------------------------------------
Start Renaming Generated Nets
---------------------------------------------------------------------------------
---------------------------------------------------------------------------------
Finished Renaming Generated Nets : Time (s): cpu = 00:00:59 ; elapsed = 00:01:10 . Memory (MB): peak = 2244.137 ; gain = 127.668 ; free physical = 592 ; free virtual = 4215
---------------------------------------------------------------------------------
---------------------------------------------------------------------------------
Start Writing Synthesis Report
---------------------------------------------------------------------------------

Report BlackBoxes: 
+-+--------------+----------+
| |BlackBox name |Instances |
+-+--------------+----------+
+-+--------------+----------+

Report Cell Usage: 
+------+---------+------+
|      |Cell     |Count |
+------+---------+------+
|1     |BUFG     |     1|
|2     |CARRY4   |    88|
|3     |LUT1     |     6|
|4     |LUT2     |    88|
|5     |LUT3     |   120|
|6     |LUT4     |   210|
|7     |LUT5     |   200|
|8     |LUT6     |   404|
|9     |MUXF7    |     7|
|10    |RAM32M   |    12|
|11    |RAMB18E1 |     1|
|12    |RAMB36E1 |     4|
|16    |FDRE     |   534|
|17    |FDSE     |    49|
|18    |IBUF     |     2|
|19    |OBUF     |    26|
+------+---------+------+
---------------------------------------------------------------------------------
Finished Writing Synthesis Report : Time (s): cpu = 00:00:59 ; elapsed = 00:01:10 . Memory (MB): peak = 2244.137 ; gain = 127.668 ; free physical = 592 ; free virtual = 4215
---------------------------------------------------------------------------------
Synthesis finished with 0 errors, 0 critical warnings and 0 warnings.
Synthesis Optimization Runtime : Time (s): cpu = 00:00:56 ; elapsed = 00:01:05 . Memory (MB): peak = 2244.137 ; gain = 32.023 ; free physical = 645 ; free virtual = 4268
Synthesis Optimization Complete : Time (s): cpu = 00:01:00 ; elapsed = 00:01:10 . Memory (MB): peak = 2244.145 ; gain = 127.668 ; free physical = 645 ; free virtual = 4268
INFO: [Project 1-571] Translating synthesized netlist
Netlist sorting complete. Time (s): cpu = 00:00:00.02 ; elapsed = 00:00:00.02 . Memory (MB): peak = 2244.145 ; gain = 0.000 ; free physical = 719 ; free virtual = 4342
INFO: [Netlist 29-17] Analyzing 112 Unisim elements for replacement
INFO: [Netlist 29-28] Unisim Transformation completed in 0 CPU seconds
WARNING: [Netlist 29-101] Netlist 'system' is not ideal for floorplanning, since the cellview 'picorv32' contains a large number of primitives.  Please consider enabling hierarchy in synthesis if you want to do floorplanning.
INFO: [Project 1-570] Preparing netlist for logic optimization
INFO: [Opt 31-138] Pushed 0 inverter(s) to 0 load pin(s).
Netlist sorting complete. Time (s): cpu = 00:00:00 ; elapsed = 00:00:00 . Memory (MB): peak = 2244.145 ; gain = 0.000 ; free physical = 665 ; free virtual = 4288
INFO: [Project 1-111] Unisim Transformation Summary:
  A total of 12 instances were transformed.
  RAM32M => RAM32M (RAMD32(x6), RAMS32(x2)): 12 instances

INFO: [Common 17-83] Releasing license: Synthesis
31 Infos, 22 Warnings, 0 Critical Warnings and 0 Errors encountered.
synth_design completed successfully
synth_design: Time (s): cpu = 00:01:18 ; elapsed = 00:01:35 . Memory (MB): peak = 2244.145 ; gain = 127.828 ; free physical = 825 ; free virtual = 4449
INFO: [Common 17-1381] The checkpoint '/home/bran/Documentos/Lab digitales/laboratorio-8-b-b-corp/Lab8_vivadoProject/Lab8_vivadoProject.runs/synth_1/system.dcp' has been generated.
INFO: [runtcl-4] Executing : report_utilization -file system_utilization_synth.rpt -pb system_utilization_synth.pb
INFO: [Common 17-206] Exiting Vivado at Wed Dec  9 23:35:33 2020...
