Copyright 1986-2020 Xilinx, Inc. All Rights Reserved.
------------------------------------------------------------------------------------
| Tool Version : Vivado v.2020.1 (lin64) Build 2902540 Wed May 27 19:54:35 MDT 2020
| Date         : Mon Oct  5 00:10:35 2020
| Host         : bran-VM-ubuntu18 running 64-bit Ubuntu 18.04.5 LTS
| Command      : report_control_sets -verbose -file system_control_sets_placed.rpt
| Design       : system
| Device       : xc7a100t
------------------------------------------------------------------------------------

Control Set Information

Table of Contents
-----------------
1. Summary
2. Histogram
3. Flip-Flop Distribution
4. Detailed Control Set Information

1. Summary
----------

+----------------------------------------------------------+-------+
|                          Status                          | Count |
+----------------------------------------------------------+-------+
| Total control sets                                       |    23 |
|    Minimum number of control sets                        |    23 |
|    Addition due to synthesis replication                 |     0 |
|    Addition due to physical synthesis replication        |     0 |
| Unused register locations in slices containing registers |    56 |
+----------------------------------------------------------+-------+
* Control sets can be merged at opt_design using control_set_merge or merge_equivalent_drivers
** Run report_qor_suggestions for automated merging and remapping suggestions


2. Histogram
------------

+--------------------+-------+
|       Fanout       | Count |
+--------------------+-------+
| Total control sets |    23 |
| >= 0 to < 4        |     1 |
| >= 4 to < 6        |     4 |
| >= 6 to < 8        |     1 |
| >= 8 to < 10       |     1 |
| >= 10 to < 12      |     0 |
| >= 12 to < 14      |     1 |
| >= 14 to < 16      |     0 |
| >= 16              |    15 |
+--------------------+-------+
* Control sets can be remapped at either synth_design or opt_design


3. Flip-Flop Distribution
-------------------------

+--------------+-----------------------+------------------------+-----------------+--------------+
| Clock Enable | Synchronous Set/Reset | Asynchronous Set/Reset | Total Registers | Total Slices |
+--------------+-----------------------+------------------------+-----------------+--------------+
| No           | No                    | No                     |             134 |           74 |
| No           | No                    | Yes                    |               0 |            0 |
| No           | Yes                   | No                     |             122 |           40 |
| Yes          | No                    | No                     |             375 |          141 |
| Yes          | No                    | Yes                    |               0 |            0 |
| Yes          | Yes                   | No                     |             249 |           90 |
+--------------+-----------------------+------------------------+-----------------+--------------+


4. Detailed Control Set Information
-----------------------------------

+----------------+---------------------------------------------------+--------------------------------------------+------------------+----------------+--------------+
|  Clock Signal  |                   Enable Signal                   |              Set/Reset Signal              | Slice Load Count | Bel Load Count | Bels / Slice |
+----------------+---------------------------------------------------+--------------------------------------------+------------------+----------------+--------------+
|  clk_IBUF_BUFG |                                                   | picorv32_core/out_byte_en0                 |                1 |              1 |         1.00 |
|  clk_IBUF_BUFG |                                                   | x7_seg_switch/x7_seg_hex/number[3]_i_1_n_0 |                2 |              4 |         2.00 |
|  clk_IBUF_BUFG | picorv32_core/pcpi_timeout_counter[3]_i_2_n_0     | picorv32_core/pcpi_mul/SS[0]               |                1 |              4 |         4.00 |
|  clk_IBUF_BUFG |                                                   | picorv32_core/pcpi_mul/instr_mulhu_i_1_n_0 |                1 |              4 |         4.00 |
|  clk_IBUF_BUFG | picorv32_core/latched_rd[4]_i_2_n_0               | picorv32_core/latched_rd[4]_i_1_n_0        |                1 |              5 |         5.00 |
|  clk_IBUF_BUFG | picorv32_core/pcpi_mul/E[0]                       | picorv32_core/cpu_state[7]_i_1_n_0         |                3 |              7 |         2.33 |
|  clk_IBUF_BUFG | picorv32_core/is_lui_auipc_jal_jalr_addi_add_sub0 | picorv32_core/decoded_imm[19]_i_1_n_0      |                3 |              8 |         2.67 |
|  clk_IBUF_BUFG | picorv32_core/is_lui_auipc_jal_jalr_addi_add_sub0 | picorv32_core/decoded_imm[31]_i_1_n_0      |                3 |             12 |         4.00 |
|  clk_IBUF_BUFG | picorv32_core/mem_state_reg[0]_1                  | picorv32_core/mem_state_reg[0]_0           |               15 |             18 |         1.20 |
|  clk_IBUF_BUFG | picorv32_core/is_lui_auipc_jal_jalr_addi_add_sub0 | picorv32_core/SS[0]                        |                5 |             22 |         4.40 |
|  clk_IBUF_BUFG | picorv32_core/mem_valid_reg_n_0                   |                                            |                5 |             22 |         4.40 |
|  clk_IBUF_BUFG | picorv32_core/pcpi_mul/pcpi_wr0                   |                                            |               18 |             32 |         1.78 |
|  clk_IBUF_BUFG | picorv32_core/reg_op2[31]_i_1_n_0                 |                                            |               15 |             32 |         2.13 |
|  clk_IBUF_BUFG | picorv32_core/reg_op1[31]_i_1_n_0                 |                                            |               24 |             32 |         1.33 |
|  clk_IBUF_BUFG | picorv32_core/instr_lui0                          |                                            |               14 |             43 |         3.07 |
|  clk_IBUF_BUFG | resetn_IBUF                                       | picorv32_core/pcpi_mul/mul_counter[6]      |               19 |             47 |         2.47 |
|  clk_IBUF_BUFG | picorv32_core/is_lui_auipc_jal_jalr_addi_add_sub0 |                                            |               19 |             48 |         2.53 |
|  clk_IBUF_BUFG | picorv32_core/reg_next_pc                         | picorv32_core/SS[0]                        |               24 |             62 |         2.58 |
|  clk_IBUF_BUFG | picorv32_core/count_instr                         | picorv32_core/SS[0]                        |               16 |             64 |         4.00 |
|  clk_IBUF_BUFG | picorv32_core/cpuregs_reg_r1_0_31_0_5_i_1_n_0     |                                            |               12 |             96 |         8.00 |
|  clk_IBUF_BUFG |                                                   | picorv32_core/SS[0]                        |               36 |            113 |         3.14 |
|  clk_IBUF_BUFG |                                                   |                                            |               74 |            134 |         1.81 |
|  clk_IBUF_BUFG | resetn_IBUF                                       |                                            |               46 |            166 |         3.61 |
+----------------+---------------------------------------------------+--------------------------------------------+------------------+----------------+--------------+


